Running:
src/main.py --config config_files/spes_finetune_config.json --change_output

Using device: cuda
Loading and preprocessing data ...
Loaded TRAIN data:
Features shape: (5320962, 36)
Number of unique trials: 10926
Label distribution: soz
0    9309
1    1617
Name: count, dtype: int64
Loaded TEST data:
Features shape: (258110, 36)
Number of unique trials: 530
Label distribution: soz
0    430
1    100
Name: count, dtype: int64
10926 samples may be used for training
530 samples will be used for validation
0 samples will be used for testing
Creating model ...
Model:
TSTransformerEncoderClassiregressor(
  (project_inp): Linear(in_features=36, out_features=64, bias=True)
  (pos_enc): LearnablePositionalEncoding(
    (dropout): Dropout(p=0.1, inplace=False)
  )
  (transformer_encoder): TransformerEncoder(
    (layers): ModuleList(
      (0-2): 3 x TransformerBatchNormEncoderLayer(
        (self_attn): MultiheadAttention(
          (out_proj): NonDynamicallyQuantizableLinear(in_features=64, out_features=64, bias=True)
        )
        (linear1): Linear(in_features=64, out_features=256, bias=True)
        (dropout): Dropout(p=0.1, inplace=False)
        (linear2): Linear(in_features=256, out_features=64, bias=True)
        (norm1): BatchNorm1d(64, eps=1e-05, momentum=0.1, affine=True, track_running_stats=True)
        (norm2): BatchNorm1d(64, eps=1e-05, momentum=0.1, affine=True, track_running_stats=True)
        (dropout1): Dropout(p=0.1, inplace=False)
        (dropout2): Dropout(p=0.1, inplace=False)
      )
    )
  )
  (dropout1): Dropout(p=0.1, inplace=False)
  (output_layer): Linear(in_features=31168, out_features=2, bias=True)
)
Total number of parameters: 245826
Trainable parameters: 245826
Evaluating on validation set ...
Validation runtime: 0.0 hours, 0.0 minutes, 0.425886869430542 seconds

Avg val. time: 0.0 hours, 0.0 minutes, 0.425886869430542 seconds
Avg batch val. time: 0.025052168790031883 seconds
Avg sample val. time: 0.0008035601310010227 seconds
Epoch 0 Validation Summary: epoch: 0.000000 | loss: 694.769623 | accuracy: 0.481132 | precision: 0.684185 | AUROC: 0.473558 | AUPRC: 0.178263 | 
Starting training...
Epoch 1 Training Summary: epoch: 1.000000 | loss: 15.424692 | 
Epoch runtime: 0.0 hours, 0.0 minutes, 10.130213737487793 seconds

Avg epoch train. time: 0.0 hours, 0.0 minutes, 10.130213737487793 seconds
Avg batch train. time: 0.02962050800435027 seconds
Avg sample train. time: 0.0009271658189170596 seconds
Evaluating on validation set ...
Validation runtime: 0.0 hours, 0.0 minutes, 0.29865574836730957 seconds

Avg val. time: 0.0 hours, 0.0 minutes, 0.3622713088989258 seconds
Avg batch val. time: 0.021310076994054458 seconds
Avg sample val. time: 0.0006835307715074071 seconds
Epoch 1 Validation Summary: epoch: 1.000000 | loss: 7.802082 | accuracy: 0.811321 | precision: 0.811321 | AUROC: 0.495163 | AUPRC: 0.184544 | 
Epoch 2 Training Summary: epoch: 2.000000 | loss: 7.148407 | 
Epoch runtime: 0.0 hours, 0.0 minutes, 10.043636798858643 seconds

Avg epoch train. time: 0.0 hours, 0.0 minutes, 10.086925268173218 seconds
Avg batch train. time: 0.029493933532670227 seconds
Avg sample train. time: 0.0009232038502812757 seconds
Evaluating on validation set ...
Validation runtime: 0.0 hours, 0.0 minutes, 0.2943878173828125 seconds

Avg val. time: 0.0 hours, 0.0 minutes, 0.3396434783935547 seconds
Avg batch val. time: 0.019979028140797335 seconds
Avg sample val. time: 0.0006408367516859523 seconds
Epoch 2 Validation Summary: epoch: 2.000000 | loss: 7.290354 | accuracy: 0.811321 | precision: 0.811321 | AUROC: 0.522512 | AUPRC: 0.200693 | 
Epoch 3 Training Summary: epoch: 3.000000 | loss: 7.428382 | 
Epoch runtime: 0.0 hours, 0.0 minutes, 10.044882535934448 seconds

Avg epoch train. time: 0.0 hours, 0.0 minutes, 10.072911024093628 seconds
Avg batch train. time: 0.02945295621080008 seconds
Avg sample train. time: 0.0009219211993495907 seconds
Epoch 4 Training Summary: epoch: 4.000000 | loss: 7.115248 | 
Epoch runtime: 0.0 hours, 0.0 minutes, 10.05525016784668 seconds

Avg epoch train. time: 0.0 hours, 0.0 minutes, 10.06849581003189 seconds
Avg batch train. time: 0.029440046228163423 seconds
Avg sample train. time: 0.0009215170977514087 seconds
Evaluating on validation set ...
Validation runtime: 0.0 hours, 0.0 minutes, 0.29281020164489746 seconds

Avg val. time: 0.0 hours, 0.0 minutes, 0.3279351592063904 seconds
Avg batch val. time: 0.019290303482728845 seconds
Avg sample val. time: 0.0006187455834082838 seconds
Epoch 4 Validation Summary: epoch: 4.000000 | loss: 7.183170 | accuracy: 0.811321 | precision: 0.811321 | AUROC: 0.421163 | AUPRC: 0.185089 | 
Epoch 5 Training Summary: epoch: 5.000000 | loss: 8.646604 | 
Epoch runtime: 0.0 hours, 0.0 minutes, 10.089182376861572 seconds

Avg epoch train. time: 0.0 hours, 0.0 minutes, 10.072633123397827 seconds
Avg batch train. time: 0.02945214363566616 seconds
Avg sample train. time: 0.0009218957645430923 seconds
Epoch 6 Training Summary: epoch: 6.000000 | loss: 9.751624 | 
Epoch runtime: 0.0 hours, 0.0 minutes, 10.089778423309326 seconds

Avg epoch train. time: 0.0 hours, 0.0 minutes, 10.075490673383078 seconds
Avg batch train. time: 0.02946049904497976 seconds
Avg sample train. time: 0.0009221573012431885 seconds
Evaluating on validation set ...
Validation runtime: 0.0 hours, 0.0 minutes, 0.2883579730987549 seconds

Avg val. time: 0.0 hours, 0.0 minutes, 0.3200197219848633 seconds
Avg batch val. time: 0.01882468952852137 seconds
Avg sample val. time: 0.0006038107961978552 seconds
Epoch 6 Validation Summary: epoch: 6.000000 | loss: 7.668244 | accuracy: 0.811321 | precision: 0.811321 | AUROC: 0.398442 | AUPRC: 0.152967 | 
Epoch 7 Training Summary: epoch: 7.000000 | loss: 8.296871 | 
Epoch runtime: 0.0 hours, 0.0 minutes, 10.09761929512024 seconds

Avg epoch train. time: 0.0 hours, 0.0 minutes, 10.078651905059814 seconds
Avg batch train. time: 0.029469742412455598 seconds
Avg sample train. time: 0.00092244663235034 seconds
Epoch 8 Training Summary: epoch: 8.000000 | loss: 7.873706 | 
Epoch runtime: 0.0 hours, 0.0 minutes, 10.094518899917603 seconds

Avg epoch train. time: 0.0 hours, 0.0 minutes, 10.080635279417038 seconds
Avg batch train. time: 0.029475541752681397 seconds
Avg sample train. time: 0.0009226281602980998 seconds
Evaluating on validation set ...
Validation runtime: 0.0 hours, 0.0 minutes, 0.2908916473388672 seconds

Avg val. time: 0.0 hours, 0.0 minutes, 0.31516504287719727 seconds
Avg batch val. time: 0.018539120169246897 seconds
Avg sample val. time: 0.0005946510242965987 seconds
Epoch 8 Validation Summary: epoch: 8.000000 | loss: 8.230020 | accuracy: 0.811321 | precision: 0.811321 | AUROC: 0.453302 | AUPRC: 0.166415 | 
Epoch 9 Training Summary: epoch: 9.000000 | loss: 8.937997 | 
Epoch runtime: 0.0 hours, 0.0 minutes, 10.114466190338135 seconds

Avg epoch train. time: 0.0 hours, 0.0 minutes, 10.084394269519382 seconds
Avg batch train. time: 0.02948653295181106 seconds
Avg sample train. time: 0.000922972201127529 seconds
Epoch 10 Training Summary: epoch: 10.000000 | loss: 8.266163 | 
Epoch runtime: 0.0 hours, 0.0 minutes, 10.118713855743408 seconds

Avg epoch train. time: 0.0 hours, 0.0 minutes, 10.087826228141784 seconds
Avg batch train. time: 0.02949656791854323 seconds
Avg sample train. time: 0.0009232863104651093 seconds
Evaluating on validation set ...
Validation runtime: 0.0 hours, 0.0 minutes, 0.300844669342041 seconds

Avg val. time: 0.0 hours, 0.0 minutes, 0.3131192752293178 seconds
Avg batch val. time: 0.018418780895842226 seconds
Avg sample val. time: 0.0005907910853383355 seconds
Epoch 10 Validation Summary: epoch: 10.000000 | loss: 7.755171 | accuracy: 0.811321 | precision: 0.811321 | AUROC: 0.499326 | AUPRC: 0.188090 | 
Epoch 11 Training Summary: epoch: 11.000000 | loss: 10.204369 | 
Epoch runtime: 0.0 hours, 0.0 minutes, 10.112129926681519 seconds

Avg epoch train. time: 0.0 hours, 0.0 minutes, 10.09003565528176 seconds
Avg batch train. time: 0.02950302823181801 seconds
Avg sample train. time: 0.0009234885278493282 seconds
Epoch 12 Training Summary: epoch: 12.000000 | loss: 9.186886 | 
Epoch runtime: 0.0 hours, 0.0 minutes, 10.100685119628906 seconds

Avg epoch train. time: 0.0 hours, 0.0 minutes, 10.090923110644022 seconds
Avg batch train. time: 0.029505623130538075 seconds
Avg sample train. time: 0.0009235697520267273 seconds
Evaluating on validation set ...
Validation runtime: 0.0 hours, 0.0 minutes, 0.2944955825805664 seconds

Avg val. time: 0.0 hours, 0.0 minutes, 0.3107913136482239 seconds
Avg batch val. time: 0.018281841979307288 seconds
Avg sample val. time: 0.0005863987049966489 seconds
Epoch 12 Validation Summary: epoch: 12.000000 | loss: 7.219939 | accuracy: 0.811321 | precision: 0.811321 | AUROC: 0.520698 | AUPRC: 0.192920 | 
Epoch 13 Training Summary: epoch: 13.000000 | loss: 10.382934 | 
Epoch runtime: 0.0 hours, 0.0 minutes, 10.120317697525024 seconds

Avg epoch train. time: 0.0 hours, 0.0 minutes, 10.093184232711792 seconds
Avg batch train. time: 0.029512234598572492 seconds
Avg sample train. time: 0.0009237767007790401 seconds
Epoch 14 Training Summary: epoch: 14.000000 | loss: 10.727138 | 
Epoch runtime: 0.0 hours, 0.0 minutes, 10.117353916168213 seconds

Avg epoch train. time: 0.0 hours, 0.0 minutes, 10.094910638672966 seconds
Avg batch train. time: 0.0295172825692192 seconds
Avg sample train. time: 0.0009239347097449172 seconds
Evaluating on validation set ...
Validation runtime: 0.0 hours, 0.0 minutes, 0.29611825942993164 seconds

Avg val. time: 0.0 hours, 0.0 minutes, 0.3091609742906358 seconds
Avg batch val. time: 0.01818593966415505 seconds
Avg sample val. time: 0.0005833225930011996 seconds
Epoch 14 Validation Summary: epoch: 14.000000 | loss: 8.534390 | accuracy: 0.813208 | precision: 0.848165 | AUROC: 0.517442 | AUPRC: 0.242256 | 
Epoch 15 Training Summary: epoch: 15.000000 | loss: 10.534484 | 
Epoch runtime: 0.0 hours, 0.0 minutes, 10.104666948318481 seconds

Avg epoch train. time: 0.0 hours, 0.0 minutes, 10.095561059316 seconds
Avg batch train. time: 0.02951918438396491 seconds
Avg sample train. time: 0.0009239942393662821 seconds
Epoch 16 Training Summary: epoch: 16.000000 | loss: 9.685282 | 
Epoch runtime: 0.0 hours, 0.0 minutes, 10.114603519439697 seconds

Avg epoch train. time: 0.0 hours, 0.0 minutes, 10.09675121307373 seconds
Avg batch train. time: 0.029522664365712662 seconds
Avg sample train. time: 0.0009241031679547621 seconds
Evaluating on validation set ...
Validation runtime: 0.0 hours, 0.0 minutes, 0.2959921360015869 seconds

Avg val. time: 0.0 hours, 0.0 minutes, 0.30784409046173095 seconds
Avg batch val. time: 0.018108475909513585 seconds
Avg sample val. time: 0.0005808379065315679 seconds
Epoch 16 Validation Summary: epoch: 16.000000 | loss: 10.131909 | accuracy: 0.813208 | precision: 0.786235 | AUROC: 0.530000 | AUPRC: 0.231385 | 
Epoch 17 Training Summary: epoch: 17.000000 | loss: 10.135620 | 
Epoch runtime: 0.0 hours, 0.0 minutes, 10.11105751991272 seconds

Avg epoch train. time: 0.0 hours, 0.0 minutes, 10.097592760534848 seconds
Avg batch train. time: 0.02952512503080365 seconds
Avg sample train. time: 0.0009241801904205425 seconds
Epoch 18 Training Summary: epoch: 18.000000 | loss: 10.551840 | 
Epoch runtime: 0.0 hours, 0.0 minutes, 10.109809398651123 seconds

Avg epoch train. time: 0.0 hours, 0.0 minutes, 10.098271462652418 seconds
Avg batch train. time: 0.02952710953991935 seconds
Avg sample train. time: 0.0009242423084982993 seconds
Evaluating on validation set ...
Validation runtime: 0.0 hours, 0.0 minutes, 0.29167819023132324 seconds

Avg val. time: 0.0 hours, 0.0 minutes, 0.30637446316805755 seconds
Avg batch val. time: 0.018022027245179855 seconds
Avg sample val. time: 0.0005780650248453916 seconds
Epoch 18 Validation Summary: epoch: 18.000000 | loss: 8.449811 | accuracy: 0.803774 | precision: 0.657077 | AUROC: 0.475628 | AUPRC: 0.178884 | 
Epoch 19 Training Summary: epoch: 19.000000 | loss: 11.213381 | 
Epoch runtime: 0.0 hours, 0.0 minutes, 10.11569881439209 seconds

Avg epoch train. time: 0.0 hours, 0.0 minutes, 10.099188691691348 seconds
Avg batch train. time: 0.029529791496173532 seconds
Avg sample train. time: 0.0009243262577055965 seconds
Epoch 20 Training Summary: epoch: 20.000000 | loss: 9.974798 | 
Epoch runtime: 0.0 hours, 0.0 minutes, 10.131726503372192 seconds

Avg epoch train. time: 0.0 hours, 0.0 minutes, 10.100815582275391 seconds
Avg batch train. time: 0.029534548486185353 seconds
Avg sample train. time: 0.0009244751585461643 seconds
Evaluating on validation set ...
Validation runtime: 0.0 hours, 0.0 minutes, 0.29416990280151367 seconds

Avg val. time: 0.0 hours, 0.0 minutes, 0.3053574164708455 seconds
Avg batch val. time: 0.017962200968873267 seconds
Avg sample val. time: 0.0005761460688129161 seconds
Epoch 20 Validation Summary: epoch: 20.000000 | loss: 12.799931 | accuracy: 0.813208 | precision: 0.848165 | AUROC: 0.468047 | AUPRC: 0.188289 | 
Epoch 21 Training Summary: epoch: 21.000000 | loss: 9.445208 | 
Epoch runtime: 0.0 hours, 0.0 minutes, 10.116374254226685 seconds

Avg epoch train. time: 0.0 hours, 0.0 minutes, 10.101556471415929 seconds
Avg batch train. time: 0.029536714828701547 seconds
Avg sample train. time: 0.0009245429682789611 seconds
Epoch 22 Training Summary: epoch: 22.000000 | loss: 10.503188 | 
Epoch runtime: 0.0 hours, 0.0 minutes, 10.136409282684326 seconds

Avg epoch train. time: 0.0 hours, 0.0 minutes, 10.103140690109946 seconds
Avg batch train. time: 0.029541347047105104 seconds
Avg sample train. time: 0.0009246879635831911 seconds
Evaluating on validation set ...
Validation runtime: 0.0 hours, 0.0 minutes, 0.29239678382873535 seconds

Avg val. time: 0.0 hours, 0.0 minutes, 0.30436044472914475 seconds
Avg batch val. time: 0.017903555572302634 seconds
Avg sample val. time: 0.0005742649900549901 seconds
Epoch 22 Validation Summary: epoch: 22.000000 | loss: 7.923953 | accuracy: 0.813208 | precision: 0.848165 | AUROC: 0.470023 | AUPRC: 0.178791 | 
Epoch 23 Training Summary: epoch: 23.000000 | loss: 10.986205 | 
Epoch runtime: 0.0 hours, 0.0 minutes, 10.145812511444092 seconds

Avg epoch train. time: 0.0 hours, 0.0 minutes, 10.104995986689692 seconds
Avg batch train. time: 0.029546771890905533 seconds
Avg sample train. time: 0.0009248577692375702 seconds
Epoch 24 Training Summary: epoch: 24.000000 | loss: 10.958490 | 
Epoch runtime: 0.0 hours, 0.0 minutes, 10.134121179580688 seconds

Avg epoch train. time: 0.0 hours, 0.0 minutes, 10.106209536393484 seconds
Avg batch train. time: 0.029550320281852293 seconds
Avg sample train. time: 0.0009249688391354095 seconds
Evaluating on validation set ...
Validation runtime: 0.0 hours, 0.0 minutes, 0.29607081413269043 seconds

Avg val. time: 0.0 hours, 0.0 minutes, 0.30376832825796946 seconds
Avg batch val. time: 0.01786872519164526 seconds
Avg sample val. time: 0.0005731477891659802 seconds
Epoch 24 Validation Summary: epoch: 24.000000 | loss: 7.765896 | accuracy: 0.813208 | precision: 0.786235 | AUROC: 0.481558 | AUPRC: 0.201554 | 
Epoch 25 Training Summary: epoch: 25.000000 | loss: 12.851353 | 
Epoch runtime: 0.0 hours, 0.0 minutes, 10.140238285064697 seconds

Avg epoch train. time: 0.0 hours, 0.0 minutes, 10.107570686340331 seconds
Avg batch train. time: 0.02955430025245711 seconds
Avg sample train. time: 0.0009250934181164499 seconds
Epoch 26 Training Summary: epoch: 26.000000 | loss: 10.014021 | 
Epoch runtime: 0.0 hours, 0.0 minutes, 10.111976146697998 seconds

Avg epoch train. time: 0.0 hours, 0.0 minutes, 10.10774012712332 seconds
Avg batch train. time: 0.02955479569334304 seconds
Avg sample train. time: 0.0009251089261507706 seconds
Evaluating on validation set ...
Validation runtime: 0.0 hours, 0.0 minutes, 0.29384541511535645 seconds

Avg val. time: 0.0 hours, 0.0 minutes, 0.3031068007151286 seconds
Avg batch val. time: 0.017829811806772268 seconds
Avg sample val. time: 0.0005718996239908086 seconds
Epoch 26 Validation Summary: epoch: 26.000000 | loss: 8.510442 | accuracy: 0.813208 | precision: 0.848165 | AUROC: 0.501651 | AUPRC: 0.199708 | 
Epoch 27 Training Summary: epoch: 27.000000 | loss: 10.885771 | 
Epoch runtime: 0.0 hours, 0.0 minutes, 10.107088088989258 seconds

Avg epoch train. time: 0.0 hours, 0.0 minutes, 10.107715977562798 seconds
Avg batch train. time: 0.029554725080592977 seconds
Avg sample train. time: 0.000925106715866996 seconds
Epoch 28 Training Summary: epoch: 28.000000 | loss: 9.669927 | 
Epoch runtime: 0.0 hours, 0.0 minutes, 10.110158681869507 seconds

Avg epoch train. time: 0.0 hours, 0.0 minutes, 10.107803217002324 seconds
Avg batch train. time: 0.02955498016667346 seconds
Avg sample train. time: 0.0009251147004395318 seconds
Evaluating on validation set ...
Validation runtime: 0.0 hours, 0.0 minutes, 0.29304957389831543 seconds

Avg val. time: 0.0 hours, 0.0 minutes, 0.30247822403907776 seconds
Avg batch val. time: 0.017792836708181044 seconds
Avg sample val. time: 0.0005707136302624109 seconds
Epoch 28 Validation Summary: epoch: 28.000000 | loss: 9.679796 | accuracy: 0.811321 | precision: 0.811321 | AUROC: 0.459442 | AUPRC: 0.172337 | 
Epoch 29 Training Summary: epoch: 29.000000 | loss: 12.364208 | 
Epoch runtime: 0.0 hours, 0.0 minutes, 10.104020357131958 seconds

Avg epoch train. time: 0.0 hours, 0.0 minutes, 10.107672773558518 seconds
Avg batch train. time: 0.02955459875309508 seconds
Avg sample train. time: 0.0009251027616290059 seconds
Epoch 30 Training Summary: epoch: 30.000000 | loss: 11.356514 | 
Epoch runtime: 0.0 hours, 0.0 minutes, 10.102379560470581 seconds

Avg epoch train. time: 0.0 hours, 0.0 minutes, 10.107496333122253 seconds
Avg batch train. time: 0.029554082845386704 seconds
Avg sample train. time: 0.0009250866129527964 seconds
Evaluating on validation set ...
Validation runtime: 0.0 hours, 0.0 minutes, 0.2938499450683594 seconds

Avg val. time: 0.0 hours, 0.0 minutes, 0.3019706782172708 seconds
Avg batch val. time: 0.017762981071604164 seconds
Avg sample val. time: 0.00056975599663636 seconds
Epoch 30 Validation Summary: epoch: 30.000000 | loss: 8.157276 | accuracy: 0.813208 | precision: 0.848165 | AUROC: 0.437930 | AUPRC: 0.168925 | 
Epoch 31 Training Summary: epoch: 31.000000 | loss: 11.517087 | 
Epoch runtime: 0.0 hours, 0.0 minutes, 10.11680817604065 seconds

Avg epoch train. time: 0.0 hours, 0.0 minutes, 10.10779671515188 seconds
Avg batch train. time: 0.029554961155414852 seconds
Avg sample train. time: 0.0009251141053589492 seconds
Epoch 32 Training Summary: epoch: 32.000000 | loss: 10.846305 | 
Epoch runtime: 0.0 hours, 0.0 minutes, 10.106873512268066 seconds

Avg epoch train. time: 0.0 hours, 0.0 minutes, 10.10776786506176 seconds
Avg batch train. time: 0.029554876798426197 seconds
Avg sample train. time: 0.0009251114648601281 seconds
Evaluating on validation set ...
Validation runtime: 0.0 hours, 0.0 minutes, 0.29305195808410645 seconds

Avg val. time: 0.0 hours, 0.0 minutes, 0.3014751937654283 seconds
Avg batch val. time: 0.017733834927378136 seconds
Avg sample val. time: 0.0005688211203121289 seconds
Epoch 32 Validation Summary: epoch: 32.000000 | loss: 7.448856 | accuracy: 0.813208 | precision: 0.848165 | AUROC: 0.466930 | AUPRC: 0.191930 | 
Epoch 33 Training Summary: epoch: 33.000000 | loss: 11.640431 | 
Epoch runtime: 0.0 hours, 0.0 minutes, 10.11304259300232 seconds

Avg epoch train. time: 0.0 hours, 0.0 minutes, 10.107927705302384 seconds
Avg batch train. time: 0.029555344167550828 seconds
Avg sample train. time: 0.0009251260942066981 seconds
Epoch 34 Training Summary: epoch: 34.000000 | loss: 9.962298 | 
Epoch runtime: 0.0 hours, 0.0 minutes, 10.100399494171143 seconds

Avg epoch train. time: 0.0 hours, 0.0 minutes, 10.107706287327934 seconds
Avg batch train. time: 0.029554696746572906 seconds
Avg sample train. time: 0.0009251058289701569 seconds
Evaluating on validation set ...
Validation runtime: 0.0 hours, 0.0 minutes, 0.2907419204711914 seconds

Avg val. time: 0.0 hours, 0.0 minutes, 0.300910284644679 seconds
Avg batch val. time: 0.017700604979098766 seconds
Avg sample val. time: 0.0005677552540465641 seconds
Epoch 34 Validation Summary: epoch: 34.000000 | loss: 7.676728 | accuracy: 0.811321 | precision: 0.811321 | AUROC: 0.472535 | AUPRC: 0.207196 | 
Epoch 35 Training Summary: epoch: 35.000000 | loss: 10.947095 | 
Epoch runtime: 0.0 hours, 0.0 minutes, 10.095081567764282 seconds

Avg epoch train. time: 0.0 hours, 0.0 minutes, 10.107345581054688 seconds
Avg batch train. time: 0.029553642049867507 seconds
Avg sample train. time: 0.0009250728153994772 seconds
Epoch 36 Training Summary: epoch: 36.000000 | loss: 10.492859 | 
Epoch runtime: 0.0 hours, 0.0 minutes, 10.09207820892334 seconds

Avg epoch train. time: 0.0 hours, 0.0 minutes, 10.106921487384373 seconds
Avg batch train. time: 0.029552402009895826 seconds
Avg sample train. time: 0.000925034000309754 seconds
Evaluating on validation set ...
Validation runtime: 0.0 hours, 0.0 minutes, 0.29715418815612793 seconds

Avg val. time: 0.0 hours, 0.0 minutes, 0.30072247982025146 seconds
Avg batch val. time: 0.01768955763648538 seconds
Avg sample val. time: 0.0005674009053212291 seconds
Epoch 36 Validation Summary: epoch: 36.000000 | loss: 7.462697 | accuracy: 0.811321 | precision: 0.811321 | AUROC: 0.454791 | AUPRC: 0.182943 | 
Epoch 37 Training Summary: epoch: 37.000000 | loss: 8.654037 | 
Epoch runtime: 0.0 hours, 0.0 minutes, 10.104740619659424 seconds

Avg epoch train. time: 0.0 hours, 0.0 minutes, 10.106862545013428 seconds
Avg batch train. time: 0.029552229663781952 seconds
Avg sample train. time: 0.0009250286056208519 seconds
Epoch 38 Training Summary: epoch: 38.000000 | loss: 7.560866 | 
Epoch runtime: 0.0 hours, 0.0 minutes, 10.092829465866089 seconds

Avg epoch train. time: 0.0 hours, 0.0 minutes, 10.106493253456918 seconds
Avg batch train. time: 0.029551149863909117 seconds
Avg sample train. time: 0.0009249948062838109 seconds
Evaluating on validation set ...
Validation runtime: 0.0 hours, 0.0 minutes, 0.2975196838378906 seconds

Avg val. time: 0.0 hours, 0.0 minutes, 0.3005699657258533 seconds
Avg batch val. time: 0.01768058621916784 seconds
Avg sample val. time: 0.0005671131428789685 seconds
Epoch 38 Validation Summary: epoch: 38.000000 | loss: 8.963912 | accuracy: 0.811321 | precision: 0.811321 | AUROC: 0.431395 | AUPRC: 0.181682 | 
Early stopping triggered
Best accuracy was 0.8132075471698114. Other metrics: {'epoch': 14, 'loss': 8.534390229998895, 'accuracy': 0.8132075471698114, 'precision': 0.8481649249206407, 'AUROC': 0.5174418604651162, 'AUPRC': 0.2422556286989749}
All Done!
Total runtime: 0.0 hours, 6.0 minutes, 49.658451557159424 seconds

