Running:
src/main.py --config config_files/spes_pretrain_config.json --comment mean_mask_length = 10 | masking_ratio = 0.25 | d_model 128 | d_ff 512 | num_layers 4 | Adam | fixed pos encoding

Using device: cuda
Loading and preprocessing data ...
Loaded TRAIN data:
Features shape: (5320962, 36)
Number of unique trials: 10926
Label distribution: soz
0    9309
1    1617
Name: count, dtype: int64
Loaded TEST data:
Features shape: (258110, 36)
Number of unique trials: 530
Label distribution: soz
0    430
1    100
Name: count, dtype: int64
10926 samples may be used for training
530 samples will be used for validation
0 samples will be used for testing
Creating model ...
Model:
TSTransformerEncoder(
  (project_inp): Linear(in_features=36, out_features=128, bias=True)
  (pos_enc): FixedPositionalEncoding(
    (dropout): Dropout(p=0.1, inplace=False)
  )
  (transformer_encoder): TransformerEncoder(
    (layers): ModuleList(
      (0-3): 4 x TransformerBatchNormEncoderLayer(
        (self_attn): MultiheadAttention(
          (out_proj): NonDynamicallyQuantizableLinear(in_features=128, out_features=128, bias=True)
        )
        (linear1): Linear(in_features=128, out_features=512, bias=True)
        (dropout): Dropout(p=0.1, inplace=False)
        (linear2): Linear(in_features=512, out_features=128, bias=True)
        (norm1): BatchNorm1d(128, eps=1e-05, momentum=0.1, affine=True, track_running_stats=True)
        (norm2): BatchNorm1d(128, eps=1e-05, momentum=0.1, affine=True, track_running_stats=True)
        (dropout1): Dropout(p=0.1, inplace=False)
        (dropout2): Dropout(p=0.1, inplace=False)
      )
    )
  )
  (output_layer): Linear(in_features=128, out_features=36, bias=True)
  (dropout1): Dropout(p=0.1, inplace=False)
)
Total number of parameters: 802468
Trainable parameters: 802468
Evaluating on validation set ...
Validation runtime: 0.0 hours, 0.0 minutes, 0.8433358669281006 seconds

Avg val. time: 0.0 hours, 0.0 minutes, 0.8433358669281006 seconds
Avg batch val. time: 0.04960799217224121 seconds
Avg sample val. time: 0.0015911997489209445 seconds
Epoch 0 Validation Summary: epoch: 0.000000 | loss: 32.682133 | recon_acc: 0.057859 | 
Starting training...
Epoch 1 SOZ sampling ratio: 30.14%
Epoch 1 Training Summary: epoch: 1.000000 | loss: 1.042793 | soz_ratio: 0.301391 | 
Epoch runtime: 0.0 hours, 0.0 minutes, 16.75714373588562 seconds

Avg epoch train. time: 0.0 hours, 0.0 minutes, 16.75714373588562 seconds
Avg batch train. time: 0.048997496303759124 seconds
Avg sample train. time: 0.001533694282984223 seconds
Evaluating on validation set ...
Validation runtime: 0.0 hours, 0.0 minutes, 0.7237436771392822 seconds

Avg val. time: 0.0 hours, 0.0 minutes, 0.7835397720336914 seconds
Avg batch val. time: 0.04609057482551126 seconds
Avg sample val. time: 0.0014783769283654555 seconds
Epoch 1 Validation Summary: epoch: 1.000000 | loss: 0.995217 | recon_acc: 0.307101 | 
Epoch 2 SOZ sampling ratio: 29.43%
Epoch 2 Training Summary: epoch: 2.000000 | loss: 0.998557 | soz_ratio: 0.294344 | 
Epoch runtime: 0.0 hours, 0.0 minutes, 16.69657325744629 seconds

Avg epoch train. time: 0.0 hours, 0.0 minutes, 16.726858496665955 seconds
Avg batch train. time: 0.04890894297270747 seconds
Avg sample train. time: 0.0015309224324241218 seconds
Evaluating on validation set ...
Validation runtime: 0.0 hours, 0.0 minutes, 0.732966423034668 seconds

Avg val. time: 0.0 hours, 0.0 minutes, 0.766681989034017 seconds
Avg batch val. time: 0.045098940531412765 seconds
Avg sample val. time: 0.0014465697906302208 seconds
Epoch 2 Validation Summary: epoch: 2.000000 | loss: 0.985987 | recon_acc: 0.307821 | 
Epoch 3 SOZ sampling ratio: 29.92%
Epoch 3 Training Summary: epoch: 3.000000 | loss: 0.983318 | soz_ratio: 0.299195 | 
Epoch runtime: 0.0 hours, 0.0 minutes, 16.732093334197998 seconds

Avg epoch train. time: 0.0 hours, 0.0 minutes, 16.728603442509968 seconds
Avg batch train. time: 0.048914045153537915 seconds
Avg sample train. time: 0.0015310821382491277 seconds
Epoch 4 SOZ sampling ratio: 30.11%
Epoch 4 Training Summary: epoch: 4.000000 | loss: 0.957515 | soz_ratio: 0.301117 | 
Epoch runtime: 0.0 hours, 0.0 minutes, 16.77043628692627 seconds

Avg epoch train. time: 0.0 hours, 0.0 minutes, 16.739061653614044 seconds
Avg batch train. time: 0.04894462471816972 seconds
Avg sample train. time: 0.0015320393239624788 seconds
Evaluating on validation set ...
Validation runtime: 0.0 hours, 0.0 minutes, 0.7033934593200684 seconds

Avg val. time: 0.0 hours, 0.0 minutes, 0.7508598566055298 seconds
Avg batch val. time: 0.04416822685914881 seconds
Avg sample val. time: 0.0014167167105764713 seconds
Epoch 4 Validation Summary: epoch: 4.000000 | loss: 0.945970 | recon_acc: 0.316579 | 
Epoch 5 SOZ sampling ratio: 30.05%
Epoch 5 Training Summary: epoch: 5.000000 | loss: 0.930496 | soz_ratio: 0.300476 | 
Epoch runtime: 0.0 hours, 0.0 minutes, 16.7555730342865 seconds

Avg epoch train. time: 0.0 hours, 0.0 minutes, 16.742363929748535 seconds
Avg batch train. time: 0.04895428049634075 seconds
Avg sample train. time: 0.0015323415641358717 seconds
Epoch 6 SOZ sampling ratio: 30.02%
Epoch 6 Training Summary: epoch: 6.000000 | loss: 0.909706 | soz_ratio: 0.300201 | 
Epoch runtime: 0.0 hours, 0.0 minutes, 16.745874881744385 seconds

Avg epoch train. time: 0.0 hours, 0.0 minutes, 16.74294908841451 seconds
Avg batch train. time: 0.04895599148659213 seconds
Avg sample train. time: 0.0015323951206676284 seconds
Evaluating on validation set ...
Validation runtime: 0.0 hours, 0.0 minutes, 0.6999695301055908 seconds

Avg val. time: 0.0 hours, 0.0 minutes, 0.740681791305542 seconds
Avg batch val. time: 0.04356951713562012 seconds
Avg sample val. time: 0.0013975128137840415 seconds
Epoch 6 Validation Summary: epoch: 6.000000 | loss: 0.919721 | recon_acc: 0.321740 | 
Epoch 7 SOZ sampling ratio: 29.85%
Epoch 7 Training Summary: epoch: 7.000000 | loss: 0.892622 | soz_ratio: 0.298462 | 
Epoch runtime: 0.0 hours, 0.0 minutes, 16.818198680877686 seconds

Avg epoch train. time: 0.0 hours, 0.0 minutes, 16.753699030194962 seconds
Avg batch train. time: 0.04898742406489755 seconds
Avg sample train. time: 0.001533379006973729 seconds
Epoch 8 SOZ sampling ratio: 30.44%
Epoch 8 Training Summary: epoch: 8.000000 | loss: 0.880758 | soz_ratio: 0.304411 | 
Epoch runtime: 0.0 hours, 0.0 minutes, 16.805590867996216 seconds

Avg epoch train. time: 0.0 hours, 0.0 minutes, 16.76018550992012 seconds
Avg batch train. time: 0.04900639037988339 seconds
Avg sample train. time: 0.0015339726807541755 seconds
Evaluating on validation set ...
Validation runtime: 0.0 hours, 0.0 minutes, 0.7282419204711914 seconds

Avg val. time: 0.0 hours, 0.0 minutes, 0.7386084794998169 seconds
Avg batch val. time: 0.04344755761763629 seconds
Avg sample val. time: 0.0013936009047166356 seconds
Epoch 8 Validation Summary: epoch: 8.000000 | loss: 0.894172 | recon_acc: 0.327484 | 
Epoch 9 SOZ sampling ratio: 30.75%
Epoch 9 Training Summary: epoch: 9.000000 | loss: 0.870088 | soz_ratio: 0.307523 | 
Epoch runtime: 0.0 hours, 0.0 minutes, 16.919971466064453 seconds

Avg epoch train. time: 0.0 hours, 0.0 minutes, 16.777939505047268 seconds
Avg batch train. time: 0.04905830264633704 seconds
Avg sample train. time: 0.001535597611664586 seconds
Epoch 10 SOZ sampling ratio: 29.82%
Epoch 10 Training Summary: epoch: 10.000000 | loss: 0.860530 | soz_ratio: 0.298188 | 
Epoch runtime: 0.0 hours, 0.0 minutes, 16.806206464767456 seconds

Avg epoch train. time: 0.0 hours, 0.0 minutes, 16.780766201019286 seconds
Avg batch train. time: 0.04906656783923768 seconds
Avg sample train. time: 0.0015358563244571926 seconds
Evaluating on validation set ...
Validation runtime: 0.0 hours, 0.0 minutes, 0.7051725387573242 seconds

Avg val. time: 0.0 hours, 0.0 minutes, 0.7338319165366036 seconds
Avg batch val. time: 0.043166583325682566 seconds
Avg sample val. time: 0.0013845885217671767 seconds
Epoch 10 Validation Summary: epoch: 10.000000 | loss: 0.884195 | recon_acc: 0.329052 | 
Epoch 11 SOZ sampling ratio: 29.58%
Epoch 11 Training Summary: epoch: 11.000000 | loss: 0.853750 | soz_ratio: 0.295808 | 
Epoch runtime: 0.0 hours, 0.0 minutes, 16.9147527217865 seconds

Avg epoch train. time: 0.0 hours, 0.0 minutes, 16.792946793816306 seconds
Avg batch train. time: 0.049102183607650014 seconds
Avg sample train. time: 0.001536971150816063 seconds
Epoch 12 SOZ sampling ratio: 29.39%
Epoch 12 Training Summary: epoch: 12.000000 | loss: 0.847941 | soz_ratio: 0.293886 | 
Epoch runtime: 0.0 hours, 0.0 minutes, 16.83879256248474 seconds

Avg epoch train. time: 0.0 hours, 0.0 minutes, 16.796767274538677 seconds
Avg batch train. time: 0.049113354603914264 seconds
Avg sample train. time: 0.0015373208195623904 seconds
Evaluating on validation set ...
Validation runtime: 0.0 hours, 0.0 minutes, 0.7169256210327148 seconds

Avg val. time: 0.0 hours, 0.0 minutes, 0.7317186295986176 seconds
Avg batch val. time: 0.043042272329330444 seconds
Avg sample val. time: 0.00138060118792192 seconds
Epoch 12 Validation Summary: epoch: 12.000000 | loss: 0.872286 | recon_acc: 0.332351 | 
Epoch 13 SOZ sampling ratio: 30.03%
Epoch 13 Training Summary: epoch: 13.000000 | loss: 0.842234 | soz_ratio: 0.300293 | 
Epoch runtime: 0.0 hours, 0.0 minutes, 16.84169340133667 seconds

Avg epoch train. time: 0.0 hours, 0.0 minutes, 16.800223130446213 seconds
Avg batch train. time: 0.04912345944574916 seconds
Avg sample train. time: 0.0015376371160942901 seconds
Epoch 14 SOZ sampling ratio: 29.90%
Epoch 14 Training Summary: epoch: 14.000000 | loss: 0.835795 | soz_ratio: 0.299012 | 
Epoch runtime: 0.0 hours, 0.0 minutes, 16.865722179412842 seconds

Avg epoch train. time: 0.0 hours, 0.0 minutes, 16.80490163394383 seconds
Avg batch train. time: 0.04913713928053752 seconds
Avg sample train. time: 0.0015380653152062816 seconds
Evaluating on validation set ...
Validation runtime: 0.0 hours, 0.0 minutes, 0.6702184677124023 seconds

Avg val. time: 0.0 hours, 0.0 minutes, 0.7248852782779269 seconds
Avg batch val. time: 0.04264031048693688 seconds
Avg sample val. time: 0.0013677080722225036 seconds
Epoch 14 Validation Summary: epoch: 14.000000 | loss: 0.864891 | recon_acc: 0.333484 | 
Epoch 15 SOZ sampling ratio: 30.08%
Epoch 15 Training Summary: epoch: 15.000000 | loss: 0.831330 | soz_ratio: 0.300751 | 
Epoch runtime: 0.0 hours, 0.0 minutes, 16.84404468536377 seconds

Avg epoch train. time: 0.0 hours, 0.0 minutes, 16.80751117070516 seconds
Avg batch train. time: 0.04914476950498584 seconds
Avg sample train. time: 0.0015383041525448616 seconds
Epoch 16 SOZ sampling ratio: 29.49%
Epoch 16 Training Summary: epoch: 16.000000 | loss: 0.826664 | soz_ratio: 0.294893 | 
Epoch runtime: 0.0 hours, 0.0 minutes, 16.810213804244995 seconds

Avg epoch train. time: 0.0 hours, 0.0 minutes, 16.8076800853014 seconds
Avg batch train. time: 0.04914526340731403 seconds
Avg sample train. time: 0.001538319612420044 seconds
Evaluating on validation set ...
Validation runtime: 0.0 hours, 0.0 minutes, 0.6828429698944092 seconds

Avg val. time: 0.0 hours, 0.0 minutes, 0.7206810474395752 seconds
Avg batch val. time: 0.042393002790563246 seconds
Avg sample val. time: 0.0013597755612067457 seconds
Epoch 16 Validation Summary: epoch: 16.000000 | loss: 0.855722 | recon_acc: 0.334544 | 
Epoch 17 SOZ sampling ratio: 30.12%
Epoch 17 Training Summary: epoch: 17.000000 | loss: 0.821404 | soz_ratio: 0.301208 | 
Epoch runtime: 0.0 hours, 0.0 minutes, 16.814889192581177 seconds

Avg epoch train. time: 0.0 hours, 0.0 minutes, 16.808104150435504 seconds
Avg batch train. time: 0.0491465033638465 seconds
Avg sample train. time: 0.001538358424897996 seconds
Epoch 18 SOZ sampling ratio: 30.17%
Epoch 18 Training Summary: epoch: 18.000000 | loss: 0.818219 | soz_ratio: 0.301666 | 
Epoch runtime: 0.0 hours, 0.0 minutes, 16.788928031921387 seconds

Avg epoch train. time: 0.0 hours, 0.0 minutes, 16.80703881051805 seconds
Avg batch train. time: 0.049143388334848104 seconds
Avg sample train. time: 0.001538260919871687 seconds
Evaluating on validation set ...
Validation runtime: 0.0 hours, 0.0 minutes, 0.7451379299163818 seconds

Avg val. time: 0.0 hours, 0.0 minutes, 0.7229044003920122 seconds
Avg batch val. time: 0.04252378825835366 seconds
Avg sample val. time: 0.0013639705667773815 seconds
Epoch 18 Validation Summary: epoch: 18.000000 | loss: 0.852375 | recon_acc: 0.337021 | 
Epoch 19 SOZ sampling ratio: 30.11%
Epoch 19 Training Summary: epoch: 19.000000 | loss: 0.813598 | soz_ratio: 0.301117 | 
Epoch runtime: 0.0 hours, 0.0 minutes, 16.789568662643433 seconds

Avg epoch train. time: 0.0 hours, 0.0 minutes, 16.80611932905097 seconds
Avg batch train. time: 0.04914069979254669 seconds
Avg sample train. time: 0.0015381767645113462 seconds
Epoch 20 SOZ sampling ratio: 29.52%
Epoch 20 Training Summary: epoch: 20.000000 | loss: 0.810835 | soz_ratio: 0.295167 | 
Epoch runtime: 0.0 hours, 0.0 minutes, 16.815429210662842 seconds

Avg epoch train. time: 0.0 hours, 0.0 minutes, 16.806584823131562 seconds
Avg batch train. time: 0.0491420608863496 seconds
Avg sample train. time: 0.0015382193687654734 seconds
Evaluating on validation set ...
Validation runtime: 0.0 hours, 0.0 minutes, 0.6821696758270264 seconds

Avg val. time: 0.0 hours, 0.0 minutes, 0.7195098400115967 seconds
Avg batch val. time: 0.04232410823597627 seconds
Avg sample val. time: 0.0013575657358709371 seconds
Epoch 20 Validation Summary: epoch: 20.000000 | loss: 0.844264 | recon_acc: 0.338558 | 
Epoch 21 SOZ sampling ratio: 30.08%
Epoch 21 Training Summary: epoch: 21.000000 | loss: 0.806110 | soz_ratio: 0.300842 | 
Epoch runtime: 0.0 hours, 0.0 minutes, 16.790879011154175 seconds

Avg epoch train. time: 0.0 hours, 0.0 minutes, 16.805836927323114 seconds
Avg batch train. time: 0.04913987405650033 seconds
Avg sample train. time: 0.0015381509177487748 seconds
Epoch 22 SOZ sampling ratio: 29.65%
Epoch 22 Training Summary: epoch: 22.000000 | loss: 0.805705 | soz_ratio: 0.296540 | 
Epoch runtime: 0.0 hours, 0.0 minutes, 16.841322898864746 seconds

Avg epoch train. time: 0.0 hours, 0.0 minutes, 16.807449926029552 seconds
Avg batch train. time: 0.049144590426986996 seconds
Avg sample train. time: 0.0015382985471379784 seconds
Evaluating on validation set ...
Validation runtime: 0.0 hours, 0.0 minutes, 0.6891088485717773 seconds

Avg val. time: 0.0 hours, 0.0 minutes, 0.7171713022085336 seconds
Avg batch val. time: 0.042186547188737274 seconds
Avg sample val. time: 0.0013531534003934597 seconds
Epoch 22 Validation Summary: epoch: 22.000000 | loss: 0.838171 | recon_acc: 0.341014 | 
Epoch 23 SOZ sampling ratio: 29.65%
Epoch 23 Training Summary: epoch: 23.000000 | loss: 0.800943 | soz_ratio: 0.296540 | 
Epoch runtime: 0.0 hours, 0.0 minutes, 16.809351682662964 seconds

Avg epoch train. time: 0.0 hours, 0.0 minutes, 16.80753261110057 seconds
Avg batch train. time: 0.04914483219620049 seconds
Avg sample train. time: 0.0015383061148728327 seconds
Epoch 24 SOZ sampling ratio: 29.55%
Epoch 24 Training Summary: epoch: 24.000000 | loss: 0.798273 | soz_ratio: 0.295534 | 
Epoch runtime: 0.0 hours, 0.0 minutes, 16.800945520401 seconds

Avg epoch train. time: 0.0 hours, 0.0 minutes, 16.807258148988087 seconds
Avg batch train. time: 0.04914402967540376 seconds
Avg sample train. time: 0.0015382809947819959 seconds
Evaluating on validation set ...
Validation runtime: 0.0 hours, 0.0 minutes, 0.6951916217803955 seconds

Avg val. time: 0.0 hours, 0.0 minutes, 0.7156013250350952 seconds
Avg batch val. time: 0.04209419559029972 seconds
Avg sample val. time: 0.0013501911793115005 seconds
Epoch 24 Validation Summary: epoch: 24.000000 | loss: 0.835762 | recon_acc: 0.339931 | 
Epoch 25 SOZ sampling ratio: 29.66%
Epoch 25 Training Summary: epoch: 25.000000 | loss: 0.796447 | soz_ratio: 0.296632 | 
Epoch runtime: 0.0 hours, 0.0 minutes, 16.846386909484863 seconds

Avg epoch train. time: 0.0 hours, 0.0 minutes, 16.80882329940796 seconds
Avg batch train. time: 0.04914860613861976 seconds
Avg sample train. time: 0.0015384242448661868 seconds
Epoch 26 SOZ sampling ratio: 30.12%
Epoch 26 Training Summary: epoch: 26.000000 | loss: 0.795065 | soz_ratio: 0.301208 | 
Epoch runtime: 0.0 hours, 0.0 minutes, 16.81537961959839 seconds

Avg epoch train. time: 0.0 hours, 0.0 minutes, 16.80907546556913 seconds
Avg batch train. time: 0.0491493434665764 seconds
Avg sample train. time: 0.0015384473243244673 seconds
Evaluating on validation set ...
Validation runtime: 0.0 hours, 0.0 minutes, 0.7474308013916016 seconds

Avg val. time: 0.0 hours, 0.0 minutes, 0.7177232901255289 seconds
Avg batch val. time: 0.042219017066207586 seconds
Avg sample val. time: 0.0013541948870292998 seconds
Epoch 26 Validation Summary: epoch: 26.000000 | loss: 0.831302 | recon_acc: 0.341874 | 
Epoch 27 SOZ sampling ratio: 29.75%
Epoch 27 Training Summary: epoch: 27.000000 | loss: 0.792105 | soz_ratio: 0.297456 | 
Epoch runtime: 0.0 hours, 0.0 minutes, 16.806873083114624 seconds

Avg epoch train. time: 0.0 hours, 0.0 minutes, 16.80899389584859 seconds
Avg batch train. time: 0.04914910495862161 seconds
Avg sample train. time: 0.001538439858671846 seconds
Epoch 28 SOZ sampling ratio: 29.89%
Epoch 28 Training Summary: epoch: 28.000000 | loss: 0.788406 | soz_ratio: 0.298920 | 
Epoch runtime: 0.0 hours, 0.0 minutes, 16.816524505615234 seconds

Avg epoch train. time: 0.0 hours, 0.0 minutes, 16.809262846197402 seconds
Avg batch train. time: 0.049149891363150296 seconds
Avg sample train. time: 0.0015384644742995974 seconds
Evaluating on validation set ...
Validation runtime: 0.0 hours, 0.0 minutes, 0.7035210132598877 seconds

Avg val. time: 0.0 hours, 0.0 minutes, 0.7168356478214264 seconds
Avg batch val. time: 0.04216680281302508 seconds
Avg sample val. time: 0.0013525200902291064 seconds
Epoch 28 Validation Summary: epoch: 28.000000 | loss: 0.830002 | recon_acc: 0.341347 | 
Epoch 29 SOZ sampling ratio: 30.22%
Epoch 29 Training Summary: epoch: 29.000000 | loss: 0.787343 | soz_ratio: 0.302215 | 
Epoch runtime: 0.0 hours, 0.0 minutes, 16.8296959400177 seconds

Avg epoch train. time: 0.0 hours, 0.0 minutes, 16.80996743563948 seconds
Avg batch train. time: 0.049151951566197304 seconds
Avg sample train. time: 0.0015385289617096357 seconds
Epoch 30 SOZ sampling ratio: 30.38%
Epoch 30 Training Summary: epoch: 30.000000 | loss: 0.785485 | soz_ratio: 0.303771 | 
Epoch runtime: 0.0 hours, 0.0 minutes, 16.816423654556274 seconds

Avg epoch train. time: 0.0 hours, 0.0 minutes, 16.810182642936706 seconds
Avg batch train. time: 0.04915258082730031 seconds
Avg sample train. time: 0.0015385486585151663 seconds
Evaluating on validation set ...
Validation runtime: 0.0 hours, 0.0 minutes, 0.7128496170043945 seconds

Avg val. time: 0.0 hours, 0.0 minutes, 0.7166011754204246 seconds
Avg batch val. time: 0.0421530103188485 seconds
Avg sample val. time: 0.0013520776894724992 seconds
Epoch 30 Validation Summary: epoch: 30.000000 | loss: 0.824507 | recon_acc: 0.343011 | 
Epoch 31 SOZ sampling ratio: 30.20%
Epoch 31 Training Summary: epoch: 31.000000 | loss: 0.783508 | soz_ratio: 0.302032 | 
Epoch runtime: 0.0 hours, 0.0 minutes, 16.876875162124634 seconds

Avg epoch train. time: 0.0 hours, 0.0 minutes, 16.812334014523415 seconds
Avg batch train. time: 0.04915887138749537 seconds
Avg sample train. time: 0.0015387455623762966 seconds
Epoch 32 SOZ sampling ratio: 29.74%
Epoch 32 Training Summary: epoch: 32.000000 | loss: 0.782424 | soz_ratio: 0.297364 | 
Epoch runtime: 0.0 hours, 0.0 minutes, 16.933287382125854 seconds

Avg epoch train. time: 0.0 hours, 0.0 minutes, 16.81611380726099 seconds
Avg batch train. time: 0.04916992341304383 seconds
Avg sample train. time: 0.0015390915071628217 seconds
Evaluating on validation set ...
Validation runtime: 0.0 hours, 0.0 minutes, 0.7029647827148438 seconds

Avg val. time: 0.0 hours, 0.0 minutes, 0.7158435980478922 seconds
Avg batch val. time: 0.04210844694399366 seconds
Avg sample val. time: 0.0013506482982035702 seconds
Epoch 32 Validation Summary: epoch: 32.000000 | loss: 0.819480 | recon_acc: 0.343813 | 
Epoch 33 SOZ sampling ratio: 29.97%
Epoch 33 Training Summary: epoch: 33.000000 | loss: 0.781773 | soz_ratio: 0.299744 | 
Epoch runtime: 0.0 hours, 0.0 minutes, 16.791985988616943 seconds

Avg epoch train. time: 0.0 hours, 0.0 minutes, 16.815382661241472 seconds
Avg batch train. time: 0.04916778555918559 seconds
Avg sample train. time: 0.001539024589167259 seconds
Epoch 34 SOZ sampling ratio: 30.16%
Epoch 34 Training Summary: epoch: 34.000000 | loss: 0.778074 | soz_ratio: 0.301574 | 
Epoch runtime: 0.0 hours, 0.0 minutes, 16.844306707382202 seconds

Avg epoch train. time: 0.0 hours, 0.0 minutes, 16.81623336848091 seconds
Avg batch train. time: 0.04917027300725412 seconds
Avg sample train. time: 0.0015391024499799477 seconds
Evaluating on validation set ...
Validation runtime: 0.0 hours, 0.0 minutes, 0.7089939117431641 seconds

Avg val. time: 0.0 hours, 0.0 minutes, 0.7154830882423803 seconds
Avg batch val. time: 0.0420872404848459 seconds
Avg sample val. time: 0.001349968091023359 seconds
Epoch 34 Validation Summary: epoch: 34.000000 | loss: 0.820094 | recon_acc: 0.343880 | 
Epoch 35 SOZ sampling ratio: 29.76%
Epoch 35 Training Summary: epoch: 35.000000 | loss: 0.775090 | soz_ratio: 0.297639 | 
Epoch runtime: 0.0 hours, 0.0 minutes, 16.76293134689331 seconds

Avg epoch train. time: 0.0 hours, 0.0 minutes, 16.814710453578403 seconds
Avg batch train. time: 0.049165820039702934 seconds
Avg sample train. time: 0.0015389630654931725 seconds
Epoch 36 SOZ sampling ratio: 29.35%
Epoch 36 Training Summary: epoch: 36.000000 | loss: 0.775488 | soz_ratio: 0.293520 | 
Epoch runtime: 0.0 hours, 0.0 minutes, 16.88578963279724 seconds

Avg epoch train. time: 0.0 hours, 0.0 minutes, 16.816684875223373 seconds
Avg batch train. time: 0.04917159320240752 seconds
Avg sample train. time: 0.0015391437740457051 seconds
Evaluating on validation set ...
Validation runtime: 0.0 hours, 0.0 minutes, 0.6733086109161377 seconds

Avg val. time: 0.0 hours, 0.0 minutes, 0.7133743643760682 seconds
Avg batch val. time: 0.0419631979044746 seconds
Avg sample val. time: 0.0013459893667472985 seconds
Epoch 36 Validation Summary: epoch: 36.000000 | loss: 0.819557 | recon_acc: 0.344476 | 
Epoch 37 SOZ sampling ratio: 29.92%
Epoch 37 Training Summary: epoch: 37.000000 | loss: 0.773530 | soz_ratio: 0.299195 | 
Epoch runtime: 0.0 hours, 0.0 minutes, 16.919020414352417 seconds

Avg epoch train. time: 0.0 hours, 0.0 minutes, 16.819450700605238 seconds
Avg batch train. time: 0.04917968041112643 seconds
Avg sample train. time: 0.0015393969156695256 seconds
Epoch 38 SOZ sampling ratio: 29.40%
Epoch 38 Training Summary: epoch: 38.000000 | loss: 0.773459 | soz_ratio: 0.293978 | 
Epoch runtime: 0.0 hours, 0.0 minutes, 16.864814519882202 seconds

Avg epoch train. time: 0.0 hours, 0.0 minutes, 16.820644485323054 seconds
Avg batch train. time: 0.04918317100971653 seconds
Avg sample train. time: 0.0015395061765809128 seconds
Evaluating on validation set ...
Validation runtime: 0.0 hours, 0.0 minutes, 0.6621251106262207 seconds

Avg val. time: 0.0 hours, 0.0 minutes, 0.7109339237213135 seconds
Avg batch val. time: 0.04181964257184197 seconds
Avg sample val. time: 0.0013413847617383273 seconds
Epoch 38 Validation Summary: epoch: 38.000000 | loss: 0.817119 | recon_acc: 0.345852 | 
Epoch 39 SOZ sampling ratio: 30.05%
Epoch 39 Training Summary: epoch: 39.000000 | loss: 0.772099 | soz_ratio: 0.300476 | 
Epoch runtime: 0.0 hours, 0.0 minutes, 16.825735807418823 seconds

Avg epoch train. time: 0.0 hours, 0.0 minutes, 16.820775032043457 seconds
Avg batch train. time: 0.049183552725273263 seconds
Avg sample train. time: 0.001539518124843809 seconds
Epoch 40 SOZ sampling ratio: 30.18%
Epoch 40 Training Summary: epoch: 40.000000 | loss: 0.769508 | soz_ratio: 0.301849 | 
Epoch runtime: 0.0 hours, 0.0 minutes, 16.893083572387695 seconds

Avg epoch train. time: 0.0 hours, 0.0 minutes, 16.82258274555206 seconds
Avg batch train. time: 0.049188838437286726 seconds
Avg sample train. time: 0.0015396835754669651 seconds
Evaluating on validation set ...
Validation runtime: 0.0 hours, 0.0 minutes, 0.7636888027191162 seconds

Avg val. time: 0.0 hours, 0.0 minutes, 0.7133318727666681 seconds
Avg batch val. time: 0.0419606983980393 seconds
Avg sample val. time: 0.0013459091938993737 seconds
Epoch 40 Validation Summary: epoch: 40.000000 | loss: 0.814784 | recon_acc: 0.344944 | 
Epoch 41 SOZ sampling ratio: 29.49%
Epoch 41 Training Summary: epoch: 41.000000 | loss: 0.767229 | soz_ratio: 0.294893 | 
Epoch runtime: 0.0 hours, 0.0 minutes, 16.832011699676514 seconds

Avg epoch train. time: 0.0 hours, 0.0 minutes, 16.822812720042904 seconds
Avg batch train. time: 0.04918951087731843 seconds
Avg sample train. time: 0.0015397046238369856 seconds
Epoch 42 SOZ sampling ratio: 29.21%
Epoch 42 Training Summary: epoch: 42.000000 | loss: 0.765990 | soz_ratio: 0.292147 | 
Epoch runtime: 0.0 hours, 0.0 minutes, 16.836561679840088 seconds

Avg epoch train. time: 0.0 hours, 0.0 minutes, 16.82314007622855 seconds
Avg batch train. time: 0.04919046805914781 seconds
Avg sample train. time: 0.0015397345850474602 seconds
Evaluating on validation set ...
Validation runtime: 0.0 hours, 0.0 minutes, 0.6961030960083008 seconds

Avg val. time: 0.0 hours, 0.0 minutes, 0.7125827955163043 seconds
Avg batch val. time: 0.041916635030370845 seconds
Avg sample val. time: 0.0013444958405968005 seconds
Epoch 42 Validation Summary: epoch: 42.000000 | loss: 0.806857 | recon_acc: 0.347085 | 
Epoch 43 SOZ sampling ratio: 29.98%
Epoch 43 Training Summary: epoch: 43.000000 | loss: 0.764459 | soz_ratio: 0.299835 | 
Epoch runtime: 0.0 hours, 0.0 minutes, 16.834280490875244 seconds

Avg epoch train. time: 0.0 hours, 0.0 minutes, 16.82339915563894 seconds
Avg batch train. time: 0.049191225601283445 seconds
Avg sample train. time: 0.0015397582972395147 seconds
Epoch 44 SOZ sampling ratio: 29.86%
Epoch 44 Training Summary: epoch: 44.000000 | loss: 0.765229 | soz_ratio: 0.298554 | 
Epoch runtime: 0.0 hours, 0.0 minutes, 16.758602380752563 seconds

Avg epoch train. time: 0.0 hours, 0.0 minutes, 16.821926501664247 seconds
Avg batch train. time: 0.0491869195955095 seconds
Avg sample train. time: 0.0015396235128742675 seconds
Evaluating on validation set ...
Validation runtime: 0.0 hours, 0.0 minutes, 0.6947035789489746 seconds

Avg val. time: 0.0 hours, 0.0 minutes, 0.7118378281593323 seconds
Avg batch val. time: 0.04187281342113719 seconds
Avg sample val. time: 0.0013430902418100608 seconds
Epoch 44 Validation Summary: epoch: 44.000000 | loss: 0.806841 | recon_acc: 0.346990 | 
Epoch 45 SOZ sampling ratio: 29.70%
Epoch 45 Training Summary: epoch: 45.000000 | loss: 0.763389 | soz_ratio: 0.296998 | 
Epoch runtime: 0.0 hours, 0.0 minutes, 16.82205033302307 seconds

Avg epoch train. time: 0.0 hours, 0.0 minutes, 16.821929253472224 seconds
Avg batch train. time: 0.049186927641731645 seconds
Avg sample train. time: 0.0015396237647329512 seconds
Epoch 46 SOZ sampling ratio: 30.08%
Epoch 46 Training Summary: epoch: 46.000000 | loss: 0.761408 | soz_ratio: 0.300842 | 
Epoch runtime: 0.0 hours, 0.0 minutes, 16.81596827507019 seconds

Avg epoch train. time: 0.0 hours, 0.0 minutes, 16.82179966698522 seconds
Avg batch train. time: 0.049186548733874916 seconds
Avg sample train. time: 0.001539611904355228 seconds
Evaluating on validation set ...
Validation runtime: 0.0 hours, 0.0 minutes, 0.7589125633239746 seconds

Avg val. time: 0.0 hours, 0.0 minutes, 0.713720817565918 seconds
Avg batch val. time: 0.04198357750387753 seconds
Avg sample val. time: 0.001346643052011166 seconds
Epoch 46 Validation Summary: epoch: 46.000000 | loss: 0.807080 | recon_acc: 0.346208 | 
Epoch 47 SOZ sampling ratio: 30.38%
Epoch 47 Training Summary: epoch: 47.000000 | loss: 0.760359 | soz_ratio: 0.303771 | 
Epoch runtime: 0.0 hours, 0.0 minutes, 16.800697326660156 seconds

Avg epoch train. time: 0.0 hours, 0.0 minutes, 16.82135068102086 seconds
Avg batch train. time: 0.04918523590941772 seconds
Avg sample train. time: 0.0015395708110031905 seconds
Epoch 48 SOZ sampling ratio: 30.10%
Epoch 48 Training Summary: epoch: 48.000000 | loss: 0.758325 | soz_ratio: 0.301025 | 
Epoch runtime: 0.0 hours, 0.0 minutes, 16.777428150177002 seconds

Avg epoch train. time: 0.0 hours, 0.0 minutes, 16.820435628294945 seconds
Avg batch train. time: 0.049182560316651885 seconds
Avg sample train. time: 0.0015394870609825137 seconds
Evaluating on validation set ...
Validation runtime: 0.0 hours, 0.0 minutes, 0.7018377780914307 seconds

Avg val. time: 0.0 hours, 0.0 minutes, 0.71326377758613 seconds
Avg batch val. time: 0.04195669279918412 seconds
Avg sample val. time: 0.0013457807124266604 seconds
Epoch 48 Validation Summary: epoch: 48.000000 | loss: 0.802360 | recon_acc: 0.348479 | 
Epoch 49 SOZ sampling ratio: 30.49%
Epoch 49 Training Summary: epoch: 49.000000 | loss: 0.758451 | soz_ratio: 0.304869 | 
Epoch runtime: 0.0 hours, 0.0 minutes, 16.765613555908203 seconds

Avg epoch train. time: 0.0 hours, 0.0 minutes, 16.819316810491134 seconds
Avg batch train. time: 0.04917928891956472 seconds
Avg sample train. time: 0.001539384661403179 seconds
Epoch 50 SOZ sampling ratio: 30.41%
Epoch 50 Training Summary: epoch: 50.000000 | loss: 0.758532 | soz_ratio: 0.304137 | 
Epoch runtime: 0.0 hours, 0.0 minutes, 16.809611320495605 seconds

Avg epoch train. time: 0.0 hours, 0.0 minutes, 16.819122700691224 seconds
Avg batch train. time: 0.04917872134705036 seconds
Avg sample train. time: 0.001539366895541939 seconds
Evaluating on validation set ...
Validation runtime: 0.0 hours, 0.0 minutes, 0.7065486907958984 seconds

Avg val. time: 0.0 hours, 0.0 minutes, 0.7130150706679733 seconds
Avg batch val. time: 0.04194206298046902 seconds
Avg sample val. time: 0.0013453114540905157 seconds
Epoch 50 Validation Summary: epoch: 50.000000 | loss: 0.804383 | recon_acc: 0.346685 | 
Epoch 51 SOZ sampling ratio: 30.40%
Epoch 51 Training Summary: epoch: 51.000000 | loss: 0.756978 | soz_ratio: 0.303954 | 
Epoch runtime: 0.0 hours, 0.0 minutes, 16.817005157470703 seconds

Avg epoch train. time: 0.0 hours, 0.0 minutes, 16.81908118023592 seconds
Avg batch train. time: 0.04917859994221029 seconds
Avg sample train. time: 0.0015393630953904375 seconds
Epoch 52 SOZ sampling ratio: 29.69%
Epoch 52 Training Summary: epoch: 52.000000 | loss: 0.756615 | soz_ratio: 0.296906 | 
Epoch runtime: 0.0 hours, 0.0 minutes, 16.835134506225586 seconds

Avg epoch train. time: 0.0 hours, 0.0 minutes, 16.81938989804341 seconds
Avg batch train. time: 0.04917950262585793 seconds
Avg sample train. time: 0.0015393913507270192 seconds
Evaluating on validation set ...
Validation runtime: 0.0 hours, 0.0 minutes, 0.7346231937408447 seconds

Avg val. time: 0.0 hours, 0.0 minutes, 0.7137867893491473 seconds
Avg batch val. time: 0.041987458197008665 seconds
Avg sample val. time: 0.0013467675270738629 seconds
Epoch 52 Validation Summary: epoch: 52.000000 | loss: 0.801320 | recon_acc: 0.347247 | 
Epoch 53 SOZ sampling ratio: 29.85%
Epoch 53 Training Summary: epoch: 53.000000 | loss: 0.757328 | soz_ratio: 0.298462 | 
Epoch runtime: 0.0 hours, 0.0 minutes, 16.774746656417847 seconds

Avg epoch train. time: 0.0 hours, 0.0 minutes, 16.818547572729724 seconds
Avg batch train. time: 0.04917703968634422 seconds
Avg sample train. time: 0.0015393142570684353 seconds
Epoch 54 SOZ sampling ratio: 30.39%
Epoch 54 Training Summary: epoch: 54.000000 | loss: 0.754359 | soz_ratio: 0.303862 | 
Epoch runtime: 0.0 hours, 0.0 minutes, 16.79078960418701 seconds

Avg epoch train. time: 0.0 hours, 0.0 minutes, 16.818033536275227 seconds
Avg batch train. time: 0.049175536655775516 seconds
Avg sample train. time: 0.0015392672099830886 seconds
Evaluating on validation set ...
Validation runtime: 0.0 hours, 0.0 minutes, 0.6995885372161865 seconds

Avg val. time: 0.0 hours, 0.0 minutes, 0.7132971944480107 seconds
Avg batch val. time: 0.0419586584969418 seconds
Avg sample val. time: 0.001345843763109454 seconds
Epoch 54 Validation Summary: epoch: 54.000000 | loss: 0.799351 | recon_acc: 0.349024 | 
Epoch 55 SOZ sampling ratio: 29.63%
Epoch 55 Training Summary: epoch: 55.000000 | loss: 0.754717 | soz_ratio: 0.296266 | 
Epoch runtime: 0.0 hours, 0.0 minutes, 16.84987211227417 seconds

Avg epoch train. time: 0.0 hours, 0.0 minutes, 16.81861241947521 seconds
Avg batch train. time: 0.04917722929671114 seconds
Avg sample train. time: 0.0015393201921540553 seconds
Epoch 56 SOZ sampling ratio: 29.82%
Epoch 56 Training Summary: epoch: 56.000000 | loss: 0.753323 | soz_ratio: 0.298188 | 
Epoch runtime: 0.0 hours, 0.0 minutes, 16.86998224258423 seconds

Avg epoch train. time: 0.0 hours, 0.0 minutes, 16.81952973774501 seconds
Avg batch train. time: 0.049179911513874304 seconds
Avg sample train. time: 0.0015394041495281907 seconds
Evaluating on validation set ...
Validation runtime: 0.0 hours, 0.0 minutes, 0.6661520004272461 seconds

Avg val. time: 0.0 hours, 0.0 minutes, 0.7117256879806518 seconds
Avg batch val. time: 0.041866216940038344 seconds
Avg sample val. time: 0.0013428786565672676 seconds
Epoch 56 Validation Summary: epoch: 56.000000 | loss: 0.800856 | recon_acc: 0.348777 | 
Epoch 57 SOZ sampling ratio: 30.40%
Epoch 57 Training Summary: epoch: 57.000000 | loss: 0.752291 | soz_ratio: 0.304045 | 
Epoch runtime: 0.0 hours, 0.0 minutes, 16.908836364746094 seconds

Avg epoch train. time: 0.0 hours, 0.0 minutes, 16.821096520674857 seconds
Avg batch train. time: 0.049184492750511274 seconds
Avg sample train. time: 0.001539547549027536 seconds
Epoch 58 SOZ sampling ratio: 29.83%
Epoch 58 Training Summary: epoch: 58.000000 | loss: 0.751962 | soz_ratio: 0.298279 | 
Epoch runtime: 0.0 hours, 0.0 minutes, 16.78092908859253 seconds

Avg epoch train. time: 0.0 hours, 0.0 minutes, 16.8204039787424 seconds
Avg batch train. time: 0.04918246777410059 seconds
Avg sample train. time: 0.0015394841642634451 seconds
Evaluating on validation set ...
Validation runtime: 0.0 hours, 0.0 minutes, 0.7064085006713867 seconds

Avg val. time: 0.0 hours, 0.0 minutes, 0.7115541658093852 seconds
Avg batch val. time: 0.04185612740055207 seconds
Avg sample val. time: 0.0013425550298290288 seconds
Epoch 58 Validation Summary: epoch: 58.000000 | loss: 0.797172 | recon_acc: 0.349719 | 
Epoch 59 SOZ sampling ratio: 30.21%
Epoch 59 Training Summary: epoch: 59.000000 | loss: 0.752498 | soz_ratio: 0.302123 | 
Epoch runtime: 0.0 hours, 0.0 minutes, 16.79442572593689 seconds

Avg epoch train. time: 0.0 hours, 0.0 minutes, 16.819963669372818 seconds
Avg batch train. time: 0.049181180319803564 seconds
Avg sample train. time: 0.0015394438650350375 seconds
Epoch 60 SOZ sampling ratio: 29.92%
Epoch 60 Training Summary: epoch: 60.000000 | loss: 0.750864 | soz_ratio: 0.299195 | 
Epoch runtime: 0.0 hours, 0.0 minutes, 16.866881608963013 seconds

Avg epoch train. time: 0.0 hours, 0.0 minutes, 16.820745635032655 seconds
Avg batch train. time: 0.049183466769101326 seconds
Avg sample train. time: 0.00153951543428818 seconds
Evaluating on validation set ...
Validation runtime: 0.0 hours, 0.0 minutes, 0.7179639339447021 seconds

Avg val. time: 0.0 hours, 0.0 minutes, 0.7117544710636139 seconds
Avg batch val. time: 0.04186791006256552 seconds
Avg sample val. time: 0.0013429329642709695 seconds
Epoch 60 Validation Summary: epoch: 60.000000 | loss: 0.800270 | recon_acc: 0.348957 | 
Epoch 61 SOZ sampling ratio: 29.92%
Epoch 61 Training Summary: epoch: 61.000000 | loss: 0.750489 | soz_ratio: 0.299195 | 
Epoch runtime: 0.0 hours, 0.0 minutes, 16.87302827835083 seconds

Avg epoch train. time: 0.0 hours, 0.0 minutes, 16.821602727546068 seconds
Avg batch train. time: 0.0491859728875616 seconds
Avg sample train. time: 0.001539593879511813 seconds
Epoch 62 SOZ sampling ratio: 29.65%
Epoch 62 Training Summary: epoch: 62.000000 | loss: 0.750929 | soz_ratio: 0.296540 | 
Epoch runtime: 0.0 hours, 0.0 minutes, 16.766773223876953 seconds

Avg epoch train. time: 0.0 hours, 0.0 minutes, 16.820718380712695 seconds
Avg batch train. time: 0.049183387078107293 seconds
Avg sample train. time: 0.0015395129398419088 seconds
Evaluating on validation set ...
Validation runtime: 0.0 hours, 0.0 minutes, 0.7070765495300293 seconds

Avg val. time: 0.0 hours, 0.0 minutes, 0.7116127158656265 seconds
Avg batch val. time: 0.04185957152150744 seconds
Avg sample val. time: 0.0013426655016332575 seconds
Epoch 62 Validation Summary: epoch: 62.000000 | loss: 0.794935 | recon_acc: 0.350232 | 
Epoch 63 SOZ sampling ratio: 29.55%
Epoch 63 Training Summary: epoch: 63.000000 | loss: 0.748829 | soz_ratio: 0.295534 | 
Epoch runtime: 0.0 hours, 0.0 minutes, 16.817527294158936 seconds

Avg epoch train. time: 0.0 hours, 0.0 minutes, 16.820667728545175 seconds
Avg batch train. time: 0.04918323897235431 seconds
Avg sample train. time: 0.0015395083039122437 seconds
Epoch 64 SOZ sampling ratio: 30.10%
Epoch 64 Training Summary: epoch: 64.000000 | loss: 0.749970 | soz_ratio: 0.301025 | 
Epoch runtime: 0.0 hours, 0.0 minutes, 16.812891006469727 seconds

Avg epoch train. time: 0.0 hours, 0.0 minutes, 16.820546217262745 seconds
Avg batch train. time: 0.04918288367620686 seconds
Avg sample train. time: 0.00153949718261603 seconds
Evaluating on validation set ...
Validation runtime: 0.0 hours, 0.0 minutes, 0.6550045013427734 seconds

Avg val. time: 0.0 hours, 0.0 minutes, 0.7099477683796602 seconds
Avg batch val. time: 0.04176163343409766 seconds
Avg sample val. time: 0.0013395240912823778 seconds
Epoch 64 Validation Summary: epoch: 64.000000 | loss: 0.797931 | recon_acc: 0.349096 | 
Epoch 65 SOZ sampling ratio: 30.08%
Epoch 65 Training Summary: epoch: 65.000000 | loss: 0.749966 | soz_ratio: 0.300751 | 
Epoch runtime: 0.0 hours, 0.0 minutes, 16.806989908218384 seconds

Avg epoch train. time: 0.0 hours, 0.0 minutes, 16.820337658662062 seconds
Avg batch train. time: 0.04918227385573702 seconds
Avg sample train. time: 0.0015394780943311424 seconds
Epoch 66 SOZ sampling ratio: 31.14%
Epoch 66 Training Summary: epoch: 66.000000 | loss: 0.748491 | soz_ratio: 0.311367 | 
Epoch runtime: 0.0 hours, 0.0 minutes, 16.805474519729614 seconds

Avg epoch train. time: 0.0 hours, 0.0 minutes, 16.820112459587328 seconds
Avg batch train. time: 0.04918161537891032 seconds
Avg sample train. time: 0.0015394574830301416 seconds
Evaluating on validation set ...
Validation runtime: 0.0 hours, 0.0 minutes, 0.6987698078155518 seconds

Avg val. time: 0.0 hours, 0.0 minutes, 0.7096283980778285 seconds
Avg batch val. time: 0.04174284694575462 seconds
Avg sample val. time: 0.0013389215058072237 seconds
Epoch 66 Validation Summary: epoch: 66.000000 | loss: 0.795088 | recon_acc: 0.350776 | 
Epoch 67 SOZ sampling ratio: 30.01%
Epoch 67 Training Summary: epoch: 67.000000 | loss: 0.748173 | soz_ratio: 0.300110 | 
Epoch runtime: 0.0 hours, 0.0 minutes, 16.822192192077637 seconds

Avg epoch train. time: 0.0 hours, 0.0 minutes, 16.820143500370765 seconds
Avg batch train. time: 0.04918170614143499 seconds
Avg sample train. time: 0.0015394603240317375 seconds
Epoch 68 SOZ sampling ratio: 29.09%
Epoch 68 Training Summary: epoch: 68.000000 | loss: 0.746938 | soz_ratio: 0.290866 | 
Epoch runtime: 0.0 hours, 0.0 minutes, 16.793816804885864 seconds

Avg epoch train. time: 0.0 hours, 0.0 minutes, 16.819756343084222 seconds
Avg batch train. time: 0.049180574102585445 seconds
Avg sample train. time: 0.0015394248895372708 seconds
Evaluating on validation set ...
Validation runtime: 0.0 hours, 0.0 minutes, 0.7592301368713379 seconds

Avg val. time: 0.0 hours, 0.0 minutes, 0.711006224155426 seconds
Avg batch val. time: 0.04182389553855447 seconds
Avg sample val. time: 0.0013415211776517473 seconds
Epoch 68 Validation Summary: epoch: 68.000000 | loss: 0.795488 | recon_acc: 0.349548 | 
Epoch 69 SOZ sampling ratio: 29.58%
Epoch 69 Training Summary: epoch: 69.000000 | loss: 0.749194 | soz_ratio: 0.295808 | 
Epoch runtime: 0.0 hours, 0.0 minutes, 16.809617280960083 seconds

Avg epoch train. time: 0.0 hours, 0.0 minutes, 16.81960940015489 seconds
Avg batch train. time: 0.049180144444897336 seconds
Avg sample train. time: 0.0015394114406145788 seconds
Epoch 70 SOZ sampling ratio: 29.98%
Epoch 70 Training Summary: epoch: 70.000000 | loss: 0.746560 | soz_ratio: 0.299835 | 
Epoch runtime: 0.0 hours, 0.0 minutes, 16.803102731704712 seconds

Avg epoch train. time: 0.0 hours, 0.0 minutes, 16.8193735906056 seconds
Avg batch train. time: 0.04917945494329123 seconds
Avg sample train. time: 0.0015393898581919825 seconds
Evaluating on validation set ...
Validation runtime: 0.0 hours, 0.0 minutes, 0.6683166027069092 seconds

Avg val. time: 0.0 hours, 0.0 minutes, 0.7098524506027634 seconds
Avg batch val. time: 0.0417560265060449 seconds
Avg sample val. time: 0.0013393442464203083 seconds
Epoch 70 Validation Summary: epoch: 70.000000 | loss: 0.797036 | recon_acc: 0.349952 | 
Epoch 71 SOZ sampling ratio: 29.09%
Epoch 71 Training Summary: epoch: 71.000000 | loss: 0.746335 | soz_ratio: 0.290866 | 
Epoch runtime: 0.0 hours, 0.0 minutes, 16.83522391319275 seconds

Avg epoch train. time: 0.0 hours, 0.0 minutes, 16.8195968345857 seconds
Avg batch train. time: 0.04918010770346696 seconds
Avg sample train. time: 0.0015394102905533313 seconds
Epoch 72 SOZ sampling ratio: 30.51%
Epoch 72 Training Summary: epoch: 72.000000 | loss: 0.745206 | soz_ratio: 0.305144 | 
Epoch runtime: 0.0 hours, 0.0 minutes, 16.807182550430298 seconds

Avg epoch train. time: 0.0 hours, 0.0 minutes, 16.81942441397243 seconds
Avg batch train. time: 0.04917960354962699 seconds
Avg sample train. time: 0.0015393945097906306 seconds
Evaluating on validation set ...
Validation runtime: 0.0 hours, 0.0 minutes, 0.6727755069732666 seconds

Avg val. time: 0.0 hours, 0.0 minutes, 0.7088767415598819 seconds
Avg batch val. time: 0.04169863185646364 seconds
Avg sample val. time: 0.0013375032859620412 seconds
Epoch 72 Validation Summary: epoch: 72.000000 | loss: 0.793795 | recon_acc: 0.350552 | 
Epoch 73 SOZ sampling ratio: 29.92%
Epoch 73 Training Summary: epoch: 73.000000 | loss: 0.744929 | soz_ratio: 0.299195 | 
Epoch runtime: 0.0 hours, 0.0 minutes, 16.818163871765137 seconds

Avg epoch train. time: 0.0 hours, 0.0 minutes, 16.81940714627096 seconds
Avg batch train. time: 0.04917955305927182 seconds
Avg sample train. time: 0.0015393929293676515 seconds
Epoch 74 SOZ sampling ratio: 30.15%
Epoch 74 Training Summary: epoch: 74.000000 | loss: 0.744795 | soz_ratio: 0.301483 | 
Epoch runtime: 0.0 hours, 0.0 minutes, 16.800020456314087 seconds

Avg epoch train. time: 0.0 hours, 0.0 minutes, 16.819145163974248 seconds
Avg batch train. time: 0.04917878702916447 seconds
Avg sample train. time: 0.0015393689514894974 seconds
Evaluating on validation set ...
Validation runtime: 0.0 hours, 0.0 minutes, 0.7049295902252197 seconds

Avg val. time: 0.0 hours, 0.0 minutes, 0.7087755325513009 seconds
Avg batch val. time: 0.04169267838537064 seconds
Avg sample val. time: 0.0013373123255684923 seconds
Epoch 74 Validation Summary: epoch: 74.000000 | loss: 0.791103 | recon_acc: 0.351838 | 
Epoch 75 SOZ sampling ratio: 30.70%
Epoch 75 Training Summary: epoch: 75.000000 | loss: 0.745534 | soz_ratio: 0.306974 | 
Epoch runtime: 0.0 hours, 0.0 minutes, 16.812237977981567 seconds

Avg epoch train. time: 0.0 hours, 0.0 minutes, 16.81905306816101 seconds
Avg batch train. time: 0.04917851774316085 seconds
Avg sample train. time: 0.0015393605224383133 seconds
Epoch 76 SOZ sampling ratio: 30.60%
Epoch 76 Training Summary: epoch: 76.000000 | loss: 0.744298 | soz_ratio: 0.305967 | 
Epoch runtime: 0.0 hours, 0.0 minutes, 16.81463074684143 seconds

Avg epoch train. time: 0.0 hours, 0.0 minutes, 16.818994879722595 seconds
Avg batch train. time: 0.049178347601528054 seconds
Avg sample train. time: 0.0015393551967529376 seconds
Evaluating on validation set ...
Validation runtime: 0.0 hours, 0.0 minutes, 0.7163815498352051 seconds

Avg val. time: 0.0 hours, 0.0 minutes, 0.7089656829833985 seconds
Avg batch val. time: 0.041703863704905794 seconds
Avg sample val. time: 0.0013376710999686763 seconds
Epoch 76 Validation Summary: epoch: 76.000000 | loss: 0.793421 | recon_acc: 0.350091 | 
Epoch 77 SOZ sampling ratio: 30.43%
Epoch 77 Training Summary: epoch: 77.000000 | loss: 0.743855 | soz_ratio: 0.304320 | 
Epoch runtime: 0.0 hours, 0.0 minutes, 16.814252614974976 seconds

Avg epoch train. time: 0.0 hours, 0.0 minutes, 16.81893329186873 seconds
Avg batch train. time: 0.04917816752008401 seconds
Avg sample train. time: 0.0015393495599367317 seconds
Epoch 78 SOZ sampling ratio: 30.24%
Epoch 78 Training Summary: epoch: 78.000000 | loss: 0.744107 | soz_ratio: 0.302398 | 
Epoch runtime: 0.0 hours, 0.0 minutes, 16.834689378738403 seconds

Avg epoch train. time: 0.0 hours, 0.0 minutes, 16.819135292982445 seconds
Avg batch train. time: 0.049178758166615336 seconds
Avg sample train. time: 0.001539368048048915 seconds
Evaluating on validation set ...
Validation runtime: 0.0 hours, 0.0 minutes, 0.7049441337585449 seconds

Avg val. time: 0.0 hours, 0.0 minutes, 0.7088675964169386 seconds
Avg batch val. time: 0.041698093906878744 seconds
Avg sample val. time: 0.0013374860309753559 seconds
Epoch 78 Validation Summary: epoch: 78.000000 | loss: 0.795628 | recon_acc: 0.350551 | 
