Running:
src/main.py --config spes_config.json

Using device: cuda
Loading and preprocessing data ...
9164 samples may be used for training
2292 samples will be used for validation
0 samples will be used for testing
Creating model ...
Model:
TSTransformerEncoder(
  (project_inp): Linear(in_features=36, out_features=64, bias=True)
  (pos_enc): LearnablePositionalEncoding(
    (dropout): Dropout(p=0.1, inplace=False)
  )
  (transformer_encoder): TransformerEncoder(
    (layers): ModuleList(
      (0-2): 3 x TransformerBatchNormEncoderLayer(
        (self_attn): MultiheadAttention(
          (out_proj): NonDynamicallyQuantizableLinear(in_features=64, out_features=64, bias=True)
        )
        (linear1): Linear(in_features=64, out_features=256, bias=True)
        (dropout): Dropout(p=0.1, inplace=False)
        (linear2): Linear(in_features=256, out_features=64, bias=True)
        (norm1): BatchNorm1d(64, eps=1e-05, momentum=0.1, affine=True, track_running_stats=True)
        (norm2): BatchNorm1d(64, eps=1e-05, momentum=0.1, affine=True, track_running_stats=True)
        (dropout1): Dropout(p=0.1, inplace=False)
        (dropout2): Dropout(p=0.1, inplace=False)
      )
    )
  )
  (output_layer): Linear(in_features=64, out_features=36, bias=True)
  (dropout1): Dropout(p=0.1, inplace=False)
)
Total number of parameters: 185828
Trainable parameters: 185828
Evaluating on validation set ...
Validation runtime: 0.0 hours, 0.0 minutes, 2.11716628074646 seconds

Avg val. time: 0.0 hours, 0.0 minutes, 2.11716628074646 seconds
Avg batch val. time: 0.02940508723258972 seconds
Avg sample val. time: 0.0009237200177776876 seconds
Epoch 0 Validation Summary: epoch: 0.000000 | loss: 12.812879 | 
Starting training...
Epoch 1 Training Summary: epoch: 1.000000 | loss: 1.010621 | 
Epoch runtime: 0.0 hours, 0.0 minutes, 14.189125061035156 seconds

Avg epoch train. time: 0.0 hours, 0.0 minutes, 14.189125061035156 seconds
Avg batch train. time: 0.04943946014297964 seconds
Avg sample train. time: 0.0015483549826533344 seconds
Evaluating on validation set ...
Validation runtime: 0.0 hours, 0.0 minutes, 2.015136241912842 seconds

Avg val. time: 0.0 hours, 0.0 minutes, 2.066151261329651 seconds
Avg batch val. time: 0.02869654529624515 seconds
Avg sample val. time: 0.000901462155902989 seconds
Epoch 1 Validation Summary: epoch: 1.000000 | loss: 0.998036 | 
Epoch 2 Training Summary: epoch: 2.000000 | loss: 0.993028 | 
Epoch runtime: 0.0 hours, 0.0 minutes, 14.151867866516113 seconds

Avg epoch train. time: 0.0 hours, 0.0 minutes, 14.170496463775635 seconds
Avg batch train. time: 0.049374552138591064 seconds
Avg sample train. time: 0.0015463221806826315 seconds
Evaluating on validation set ...
Validation runtime: 0.0 hours, 0.0 minutes, 2.0419678688049316 seconds

Avg val. time: 0.0 hours, 0.0 minutes, 2.0580901304880777 seconds
Avg batch val. time: 0.028584585145667744 seconds
Avg sample val. time: 0.0008979450831099815 seconds
Epoch 2 Validation Summary: epoch: 2.000000 | loss: 0.942050 | 
Epoch 3 Training Summary: epoch: 3.000000 | loss: 0.890711 | 
Epoch runtime: 0.0 hours, 0.0 minutes, 13.950682163238525 seconds

Avg epoch train. time: 0.0 hours, 0.0 minutes, 14.097225030263266 seconds
Avg batch train. time: 0.04911925097652706 seconds
Avg sample train. time: 0.0015383266074054196 seconds
Epoch 4 Training Summary: epoch: 4.000000 | loss: 0.825809 | 
Epoch runtime: 0.0 hours, 0.0 minutes, 14.10658311843872 seconds

Avg epoch train. time: 0.0 hours, 0.0 minutes, 14.099564552307129 seconds
Avg batch train. time: 0.049127402621279195 seconds
Avg sample train. time: 0.0015385819022596169 seconds
Evaluating on validation set ...
Validation runtime: 0.0 hours, 0.0 minutes, 2.0634512901306152 seconds

Avg val. time: 0.0 hours, 0.0 minutes, 2.059430420398712 seconds
Avg batch val. time: 0.028603200283315446 seconds
Avg sample val. time: 0.0008985298518318989 seconds
Epoch 4 Validation Summary: epoch: 4.000000 | loss: 0.736618 | 
Epoch 5 Training Summary: epoch: 5.000000 | loss: 0.777851 | 
Epoch runtime: 0.0 hours, 0.0 minutes, 14.06791639328003 seconds

Avg epoch train. time: 0.0 hours, 0.0 minutes, 14.09323492050171 seconds
Avg batch train. time: 0.04910534815505822 seconds
Avg sample train. time: 0.0015378911960390342 seconds
Epoch 6 Training Summary: epoch: 6.000000 | loss: 0.746293 | 
Epoch runtime: 0.0 hours, 0.0 minutes, 14.00876235961914 seconds

Avg epoch train. time: 0.0 hours, 0.0 minutes, 14.079156160354614 seconds
Avg batch train. time: 0.049056293241653705 seconds
Avg sample train. time: 0.0015363548843686833 seconds
Evaluating on validation set ...
Validation runtime: 0.0 hours, 0.0 minutes, 2.067300796508789 seconds

Avg val. time: 0.0 hours, 0.0 minutes, 2.0610044956207276 seconds
Avg batch val. time: 0.02862506243917677 seconds
Avg sample val. time: 0.0008992166211259719 seconds
Epoch 6 Validation Summary: epoch: 6.000000 | loss: 0.664018 | 
Epoch 7 Training Summary: epoch: 7.000000 | loss: 0.731320 | 
Epoch runtime: 0.0 hours, 0.0 minutes, 14.074532747268677 seconds

Avg epoch train. time: 0.0 hours, 0.0 minutes, 14.07849567277091 seconds
Avg batch train. time: 0.04905399189118784 seconds
Avg sample train. time: 0.001536282810210706 seconds
Epoch 8 Training Summary: epoch: 8.000000 | loss: 0.720213 | 
Epoch runtime: 0.0 hours, 0.0 minutes, 13.940953969955444 seconds

Avg epoch train. time: 0.0 hours, 0.0 minutes, 14.061302959918976 seconds
Avg batch train. time: 0.0489940869683588 seconds
Avg sample train. time: 0.0015344066957571996 seconds
Evaluating on validation set ...
Validation runtime: 0.0 hours, 0.0 minutes, 2.0654706954956055 seconds

Avg val. time: 0.0 hours, 0.0 minutes, 2.0617488622665405 seconds
Avg batch val. time: 0.028635400864813063 seconds
Avg sample val. time: 0.000899541388423447 seconds
Epoch 8 Validation Summary: epoch: 8.000000 | loss: 0.637740 | 
Epoch 9 Training Summary: epoch: 9.000000 | loss: 0.711432 | 
Epoch runtime: 0.0 hours, 0.0 minutes, 14.06426215171814 seconds

Avg epoch train. time: 0.0 hours, 0.0 minutes, 14.061631759007772 seconds
Avg batch train. time: 0.04899523260978318 seconds
Avg sample train. time: 0.0015344425751863567 seconds
Epoch 10 Training Summary: epoch: 10.000000 | loss: 0.704769 | 
Epoch runtime: 0.0 hours, 0.0 minutes, 14.023546934127808 seconds

Avg epoch train. time: 0.0 hours, 0.0 minutes, 14.057823276519775 seconds
Avg batch train. time: 0.0489819626359574 seconds
Avg sample train. time: 0.0015340269834700757 seconds
Evaluating on validation set ...
Validation runtime: 0.0 hours, 0.0 minutes, 2.077049732208252 seconds

Avg val. time: 0.0 hours, 0.0 minutes, 2.063934700829642 seconds
Avg batch val. time: 0.02866575973374503 seconds
Avg sample val. time: 0.0009004950701700008 seconds
Epoch 10 Validation Summary: epoch: 10.000000 | loss: 0.619845 | 
Epoch 11 Training Summary: epoch: 11.000000 | loss: 0.698558 | 
Epoch runtime: 0.0 hours, 0.0 minutes, 14.037245273590088 seconds

Avg epoch train. time: 0.0 hours, 0.0 minutes, 14.055952548980713 seconds
Avg batch train. time: 0.048975444421535584 seconds
Avg sample train. time: 0.001533822844716359 seconds
Epoch 12 Training Summary: epoch: 12.000000 | loss: 0.692556 | 
Epoch runtime: 0.0 hours, 0.0 minutes, 14.17169976234436 seconds

Avg epoch train. time: 0.0 hours, 0.0 minutes, 14.06559815009435 seconds
Avg batch train. time: 0.049009052787785196 seconds
Avg sample train. time: 0.0015348753983079825 seconds
Evaluating on validation set ...
Validation runtime: 0.0 hours, 0.0 minutes, 2.0478873252868652 seconds

Avg val. time: 0.0 hours, 0.0 minutes, 2.061928778886795 seconds
Avg batch val. time: 0.028637899706761043 seconds
Avg sample val. time: 0.0008996198860762631 seconds
Epoch 12 Validation Summary: epoch: 12.000000 | loss: 0.611205 | 
Epoch 13 Training Summary: epoch: 13.000000 | loss: 0.689164 | 
Epoch runtime: 0.0 hours, 0.0 minutes, 14.056265115737915 seconds

Avg epoch train. time: 0.0 hours, 0.0 minutes, 14.064880224374624 seconds
Avg batch train. time: 0.0490065513044412 seconds
Avg sample train. time: 0.0015347970563481695 seconds
Epoch 14 Training Summary: epoch: 14.000000 | loss: 0.684226 | 
Epoch runtime: 0.0 hours, 0.0 minutes, 14.041314840316772 seconds

Avg epoch train. time: 0.0 hours, 0.0 minutes, 14.063196982656207 seconds
Avg batch train. time: 0.04900068635071849 seconds
Avg sample train. time: 0.0015346133765447628 seconds
Evaluating on validation set ...
Validation runtime: 0.0 hours, 0.0 minutes, 2.0650863647460938 seconds

Avg val. time: 0.0 hours, 0.0 minutes, 2.0622796217600503 seconds
Avg batch val. time: 0.028642772524445144 seconds
Avg sample val. time: 0.0008997729588830935 seconds
Epoch 14 Validation Summary: epoch: 14.000000 | loss: 0.596703 | 
Epoch 15 Training Summary: epoch: 15.000000 | loss: 0.681304 | 
Epoch runtime: 0.0 hours, 0.0 minutes, 14.501863956451416 seconds

Avg epoch train. time: 0.0 hours, 0.0 minutes, 14.092441447575887 seconds
Avg batch train. time: 0.04910258344103097 seconds
Avg sample train. time: 0.0015378046101676 seconds
Epoch 16 Training Summary: epoch: 16.000000 | loss: 0.677661 | 
Epoch runtime: 0.0 hours, 0.0 minutes, 14.352564811706543 seconds

Avg epoch train. time: 0.0 hours, 0.0 minutes, 14.108699157834053 seconds
Avg batch train. time: 0.04915923051510123 seconds
Avg sample train. time: 0.0015395786946567059 seconds
Evaluating on validation set ...
Validation runtime: 0.0 hours, 0.0 minutes, 2.058537721633911 seconds

Avg val. time: 0.0 hours, 0.0 minutes, 2.0619054317474363 seconds
Avg batch val. time: 0.028637575440936616 seconds
Avg sample val. time: 0.0008996096997152864 seconds
Epoch 16 Validation Summary: epoch: 16.000000 | loss: 0.587259 | 
Epoch 17 Training Summary: epoch: 17.000000 | loss: 0.674685 | 
Epoch runtime: 0.0 hours, 0.0 minutes, 14.28416919708252 seconds

Avg epoch train. time: 0.0 hours, 0.0 minutes, 14.11902092484867 seconds
Avg batch train. time: 0.04919519486009989 seconds
Avg sample train. time: 0.0015407050332658957 seconds
Epoch 18 Training Summary: epoch: 18.000000 | loss: 0.671618 | 
Epoch runtime: 0.0 hours, 0.0 minutes, 14.292940139770508 seconds

Avg epoch train. time: 0.0 hours, 0.0 minutes, 14.128683103455437 seconds
Avg batch train. time: 0.04922886098764961 seconds
Avg sample train. time: 0.001541759395837564 seconds
Evaluating on validation set ...
Validation runtime: 0.0 hours, 0.0 minutes, 2.0685460567474365 seconds

Avg val. time: 0.0 hours, 0.0 minutes, 2.062509124929255 seconds
Avg batch val. time: 0.028645960068461873 seconds
Avg sample val. time: 0.0008998730911558703 seconds
Epoch 18 Validation Summary: epoch: 18.000000 | loss: 0.581975 | 
Epoch 19 Training Summary: epoch: 19.000000 | loss: 0.668315 | 
Epoch runtime: 0.0 hours, 0.0 minutes, 14.397987842559814 seconds

Avg epoch train. time: 0.0 hours, 0.0 minutes, 14.14285703709251 seconds
Avg batch train. time: 0.04927824751600177 seconds
Avg sample train. time: 0.0015433060930917187 seconds
Epoch 20 Training Summary: epoch: 20.000000 | loss: 0.662651 | 
Epoch runtime: 0.0 hours, 0.0 minutes, 14.26634931564331 seconds

Avg epoch train. time: 0.0 hours, 0.0 minutes, 14.14903165102005 seconds
Avg batch train. time: 0.049299761850244074 seconds
Avg sample train. time: 0.0015439798833500708 seconds
Evaluating on validation set ...
Validation runtime: 0.0 hours, 0.0 minutes, 2.0556864738464355 seconds

Avg val. time: 0.0 hours, 0.0 minutes, 2.0619405706723533 seconds
Avg batch val. time: 0.028638063481560463 seconds
Avg sample val. time: 0.0008996250308343601 seconds
Epoch 20 Validation Summary: epoch: 20.000000 | loss: 0.568878 | 
Epoch 21 Training Summary: epoch: 21.000000 | loss: 0.659295 | 
Epoch runtime: 0.0 hours, 0.0 minutes, 14.313457489013672 seconds

Avg epoch train. time: 0.0 hours, 0.0 minutes, 14.15686145282927 seconds
Avg batch train. time: 0.04932704338964902 seconds
Avg sample train. time: 0.001544834292102714 seconds
Epoch 22 Training Summary: epoch: 22.000000 | loss: 0.655165 | 
Epoch runtime: 0.0 hours, 0.0 minutes, 14.465813875198364 seconds

Avg epoch train. time: 0.0 hours, 0.0 minutes, 14.170904744755138 seconds
Avg batch train. time: 0.04937597472040118 seconds
Avg sample train. time: 0.0015463667333866365 seconds
Evaluating on validation set ...
Validation runtime: 0.0 hours, 0.0 minutes, 2.0750272274017334 seconds

Avg val. time: 0.0 hours, 0.0 minutes, 2.062947236574613 seconds
Avg batch val. time: 0.028652044952425182 seconds
Avg sample val. time: 0.0009000642393431995 seconds
Epoch 22 Validation Summary: epoch: 22.000000 | loss: 0.559005 | 
Epoch 23 Training Summary: epoch: 23.000000 | loss: 0.652681 | 
Epoch runtime: 0.0 hours, 0.0 minutes, 14.393457651138306 seconds

Avg epoch train. time: 0.0 hours, 0.0 minutes, 14.180580958076145 seconds
Avg batch train. time: 0.049409689749394234 seconds
Avg sample train. time: 0.0015474226274635689 seconds
Epoch 24 Training Summary: epoch: 24.000000 | loss: 0.649462 | 
Epoch runtime: 0.0 hours, 0.0 minutes, 14.378980875015259 seconds

Avg epoch train. time: 0.0 hours, 0.0 minutes, 14.188847621281942 seconds
Avg batch train. time: 0.04943849345394405 seconds
Avg sample train. time: 0.0015483247076911765 seconds
Evaluating on validation set ...
Validation runtime: 0.0 hours, 0.0 minutes, 2.0607080459594727 seconds

Avg val. time: 0.0 hours, 0.0 minutes, 2.0627872943878174 seconds
Avg batch val. time: 0.02864982353316413 seconds
Avg sample val. time: 0.0008999944565391873 seconds
Epoch 24 Validation Summary: epoch: 24.000000 | loss: 0.555464 | 
Epoch 25 Training Summary: epoch: 25.000000 | loss: 0.647930 | 
Epoch runtime: 0.0 hours, 0.0 minutes, 14.329031229019165 seconds

Avg epoch train. time: 0.0 hours, 0.0 minutes, 14.194454965591431 seconds
Avg batch train. time: 0.04945803123899453 seconds
Avg sample train. time: 0.0015489365959833513 seconds
Epoch 26 Training Summary: epoch: 26.000000 | loss: 0.644471 | 
Epoch runtime: 0.0 hours, 0.0 minutes, 14.459547281265259 seconds

Avg epoch train. time: 0.0 hours, 0.0 minutes, 14.204650823886578 seconds
Avg batch train. time: 0.04949355687765358 seconds
Avg sample train. time: 0.001550049195098928 seconds
Evaluating on validation set ...
Validation runtime: 0.0 hours, 0.0 minutes, 2.0572359561920166 seconds

Avg val. time: 0.0 hours, 0.0 minutes, 2.062417205174764 seconds
Avg batch val. time: 0.028644683405205054 seconds
Avg sample val. time: 0.0008998329865509441 seconds
Epoch 26 Validation Summary: epoch: 26.000000 | loss: 0.550261 | 
Epoch 27 Training Summary: epoch: 27.000000 | loss: 0.642322 | 
Epoch runtime: 0.0 hours, 0.0 minutes, 14.303331851959229 seconds

Avg epoch train. time: 0.0 hours, 0.0 minutes, 14.208305676778158 seconds
Avg batch train. time: 0.04950629155671832 seconds
Avg sample train. time: 0.0015504480223459361 seconds
Epoch 28 Training Summary: epoch: 28.000000 | loss: 0.640544 | 
Epoch runtime: 0.0 hours, 0.0 minutes, 14.523691654205322 seconds

Avg epoch train. time: 0.0 hours, 0.0 minutes, 14.219569461686271 seconds
Avg batch train. time: 0.04954553819402882 seconds
Avg sample train. time: 0.0015516771564476506 seconds
Evaluating on validation set ...
Validation runtime: 0.0 hours, 0.0 minutes, 2.0485589504241943 seconds

Avg val. time: 0.0 hours, 0.0 minutes, 2.0615510642528534 seconds
Avg batch val. time: 0.028632653670178518 seconds
Avg sample val. time: 0.0008994550891155556 seconds
Epoch 28 Validation Summary: epoch: 28.000000 | loss: 0.548194 | 
Epoch 29 Training Summary: epoch: 29.000000 | loss: 0.638977 | 
Epoch runtime: 0.0 hours, 0.0 minutes, 14.286142110824585 seconds

Avg epoch train. time: 0.0 hours, 0.0 minutes, 14.221865070277246 seconds
Avg batch train. time: 0.04955353683023431 seconds
Avg sample train. time: 0.0015519276593493284 seconds
Epoch 30 Training Summary: epoch: 30.000000 | loss: 0.636745 | 
Epoch runtime: 0.0 hours, 0.0 minutes, 14.475039720535278 seconds

Avg epoch train. time: 0.0 hours, 0.0 minutes, 14.230304225285847 seconds
Avg batch train. time: 0.04958294155151863 seconds
Avg sample train. time: 0.0015528485623402277 seconds
Evaluating on validation set ...
Validation runtime: 0.0 hours, 0.0 minutes, 2.059861660003662 seconds

Avg val. time: 0.0 hours, 0.0 minutes, 2.061451687532313 seconds
Avg batch val. time: 0.028631273437948787 seconds
Avg sample val. time: 0.0008994117310350405 seconds
Epoch 30 Validation Summary: epoch: 30.000000 | loss: 0.540171 | 
Epoch 31 Training Summary: epoch: 31.000000 | loss: 0.636016 | 
Epoch runtime: 0.0 hours, 0.0 minutes, 14.438915252685547 seconds

Avg epoch train. time: 0.0 hours, 0.0 minutes, 14.237033613266483 seconds
Avg batch train. time: 0.049606388896398894 seconds
Avg sample train. time: 0.0015535828910155482 seconds
Epoch 32 Training Summary: epoch: 32.000000 | loss: 0.633710 | 
Epoch runtime: 0.0 hours, 0.0 minutes, 14.368516206741333 seconds

Avg epoch train. time: 0.0 hours, 0.0 minutes, 14.241142444312572 seconds
Avg batch train. time: 0.049620705380880044 seconds
Avg sample train. time: 0.0015540312575635718 seconds
Evaluating on validation set ...
Validation runtime: 0.0 hours, 0.0 minutes, 2.076206684112549 seconds

Avg val. time: 0.0 hours, 0.0 minutes, 2.062271409564548 seconds
Avg batch val. time: 0.028642658466174278 seconds
Avg sample val. time: 0.0008997693759007627 seconds
Epoch 32 Validation Summary: epoch: 32.000000 | loss: 0.541201 | 
Epoch 33 Training Summary: epoch: 33.000000 | loss: 0.633543 | 
Epoch runtime: 0.0 hours, 0.0 minutes, 14.429956912994385 seconds

Avg epoch train. time: 0.0 hours, 0.0 minutes, 14.246864094878688 seconds
Avg batch train. time: 0.049640641445570344 seconds
Avg sample train. time: 0.0015546556192578228 seconds
Epoch 34 Training Summary: epoch: 34.000000 | loss: 0.632488 | 
Epoch runtime: 0.0 hours, 0.0 minutes, 14.418424844741821 seconds

Avg epoch train. time: 0.0 hours, 0.0 minutes, 14.251909999286427 seconds
Avg batch train. time: 0.04965822299402936 seconds
Avg sample train. time: 0.001555206241737934 seconds
Evaluating on validation set ...
Validation runtime: 0.0 hours, 0.0 minutes, 2.055973529815674 seconds

Avg val. time: 0.0 hours, 0.0 minutes, 2.061939942209344 seconds
Avg batch val. time: 0.028638054752907555 seconds
Avg sample val. time: 0.0008996247566358395 seconds
Epoch 34 Validation Summary: epoch: 34.000000 | loss: 0.537515 | 
Epoch 35 Training Summary: epoch: 35.000000 | loss: 0.631485 | 
Epoch runtime: 0.0 hours, 0.0 minutes, 14.535593271255493 seconds

Avg epoch train. time: 0.0 hours, 0.0 minutes, 14.260015235628401 seconds
Avg batch train. time: 0.04968646423563903 seconds
Avg sample train. time: 0.0015560907066377565 seconds
Epoch 36 Training Summary: epoch: 36.000000 | loss: 0.631446 | 
Epoch runtime: 0.0 hours, 0.0 minutes, 14.273141860961914 seconds

Avg epoch train. time: 0.0 hours, 0.0 minutes, 14.260379864109886 seconds
Avg batch train. time: 0.049687734718152916 seconds
Avg sample train. time: 0.0015561304958653303 seconds
Evaluating on validation set ...
Validation runtime: 0.0 hours, 0.0 minutes, 2.042241334915161 seconds

Avg val. time: 0.0 hours, 0.0 minutes, 2.060955011844635 seconds
Avg batch val. time: 0.028624375164508817 seconds
Avg sample val. time: 0.0008991950313458267 seconds
Epoch 36 Validation Summary: epoch: 36.000000 | loss: 0.537401 | 
Epoch 37 Training Summary: epoch: 37.000000 | loss: 0.629844 | 
Epoch runtime: 0.0 hours, 0.0 minutes, 14.454463243484497 seconds

Avg epoch train. time: 0.0 hours, 0.0 minutes, 14.265625360849741 seconds
Avg batch train. time: 0.049706011710277845 seconds
Avg sample train. time: 0.0015567028983904127 seconds
Epoch 38 Training Summary: epoch: 38.000000 | loss: 0.628107 | 
Epoch runtime: 0.0 hours, 0.0 minutes, 14.26706838607788 seconds

Avg epoch train. time: 0.0 hours, 0.0 minutes, 14.26566333519785 seconds
Avg batch train. time: 0.04970614402507962 seconds
Avg sample train. time: 0.001556707042252057 seconds
Evaluating on validation set ...
Validation runtime: 0.0 hours, 0.0 minutes, 2.084773063659668 seconds

Avg val. time: 0.0 hours, 0.0 minutes, 2.062089204788208 seconds
Avg batch val. time: 0.028640127844280668 seconds
Avg sample val. time: 0.0008996898799250472 seconds
Epoch 38 Validation Summary: epoch: 38.000000 | loss: 0.534412 | 
Epoch 39 Training Summary: epoch: 39.000000 | loss: 0.628171 | 
Epoch runtime: 0.0 hours, 0.0 minutes, 14.180087089538574 seconds

Avg epoch train. time: 0.0 hours, 0.0 minutes, 14.263469072488638 seconds
Avg batch train. time: 0.04969849851041337 seconds
Avg sample train. time: 0.0015564675984819551 seconds
Epoch 40 Training Summary: epoch: 40.000000 | loss: 0.627694 | 
Epoch runtime: 0.0 hours, 0.0 minutes, 14.274911880493164 seconds

Avg epoch train. time: 0.0 hours, 0.0 minutes, 14.263755142688751 seconds
Avg batch train. time: 0.04969949527069251 seconds
Avg sample train. time: 0.0015564988152213827 seconds
Evaluating on validation set ...
Validation runtime: 0.0 hours, 0.0 minutes, 2.0629496574401855 seconds

Avg val. time: 0.0 hours, 0.0 minutes, 2.0621283162723887 seconds
Avg batch val. time: 0.02864067105933873 seconds
Avg sample val. time: 0.0008997069442724209 seconds
Epoch 40 Validation Summary: epoch: 40.000000 | loss: 0.534912 | 
Epoch 41 Training Summary: epoch: 41.000000 | loss: 0.626361 | 
Epoch runtime: 0.0 hours, 0.0 minutes, 14.664932250976562 seconds

Avg epoch train. time: 0.0 hours, 0.0 minutes, 14.273539950207967 seconds
Avg batch train. time: 0.04973358867668281 seconds
Avg sample train. time: 0.0015575665593854176 seconds
Epoch 42 Training Summary: epoch: 42.000000 | loss: 0.624976 | 
Epoch runtime: 0.0 hours, 0.0 minutes, 14.295747995376587 seconds

Avg epoch train. time: 0.0 hours, 0.0 minutes, 14.274068713188171 seconds
Avg batch train. time: 0.04973543105640478 seconds
Avg sample train. time: 0.001557624259405082 seconds
Evaluating on validation set ...
Validation runtime: 0.0 hours, 0.0 minutes, 2.064431667327881 seconds

Avg val. time: 0.0 hours, 0.0 minutes, 2.0622284619704536 seconds
Avg batch val. time: 0.028642061971811857 seconds
Avg sample val. time: 0.0008997506378579641 seconds
Epoch 42 Validation Summary: epoch: 42.000000 | loss: 0.531489 | 
Epoch 43 Training Summary: epoch: 43.000000 | loss: 0.624599 | 
Epoch runtime: 0.0 hours, 0.0 minutes, 14.409992456436157 seconds

Avg epoch train. time: 0.0 hours, 0.0 minutes, 14.277229730473008 seconds
Avg batch train. time: 0.04974644505391292 seconds
Avg sample train. time: 0.00155796919800011 seconds
Epoch 44 Training Summary: epoch: 44.000000 | loss: 0.624323 | 
Epoch runtime: 0.0 hours, 0.0 minutes, 14.284619569778442 seconds

Avg epoch train. time: 0.0 hours, 0.0 minutes, 14.277397681366313 seconds
Avg batch train. time: 0.049747030248663116 seconds
Avg sample train. time: 0.0015579875252473062 seconds
Evaluating on validation set ...
Validation runtime: 0.0 hours, 0.0 minutes, 2.066577911376953 seconds

Avg val. time: 0.0 hours, 0.0 minutes, 2.062409689029058 seconds
Avg batch val. time: 0.028644579014292473 seconds
Avg sample val. time: 0.0008998297072552609 seconds
Epoch 44 Validation Summary: epoch: 44.000000 | loss: 0.524847 | 
Epoch 45 Training Summary: epoch: 45.000000 | loss: 0.624131 | 
Epoch runtime: 0.0 hours, 0.0 minutes, 14.443304777145386 seconds

Avg epoch train. time: 0.0 hours, 0.0 minutes, 14.28108450571696 seconds
Avg batch train. time: 0.04975987632653993 seconds
Avg sample train. time: 0.0015583898413047753 seconds
Epoch 46 Training Summary: epoch: 46.000000 | loss: 0.623369 | 
Epoch runtime: 0.0 hours, 0.0 minutes, 14.166686058044434 seconds

Avg epoch train. time: 0.0 hours, 0.0 minutes, 14.27859758294147 seconds
Avg batch train. time: 0.0497512110903884 seconds
Avg sample train. time: 0.0015581184616915615 seconds
Evaluating on validation set ...
Validation runtime: 0.0 hours, 0.0 minutes, 2.069197416305542 seconds

Avg val. time: 0.0 hours, 0.0 minutes, 2.062681198120117 seconds
Avg batch val. time: 0.028648349973890517 seconds
Avg sample val. time: 0.0008999481667190738 seconds
Epoch 46 Validation Summary: epoch: 46.000000 | loss: 0.531190 | 
Epoch 47 Training Summary: epoch: 47.000000 | loss: 0.621119 | 
Epoch runtime: 0.0 hours, 0.0 minutes, 14.099120855331421 seconds

Avg epoch train. time: 0.0 hours, 0.0 minutes, 14.274778929162533 seconds
Avg batch train. time: 0.04973790567652451 seconds
Avg sample train. time: 0.0015577017600570202 seconds
Epoch 48 Training Summary: epoch: 48.000000 | loss: 0.621228 | 
Epoch runtime: 0.0 hours, 0.0 minutes, 14.34505319595337 seconds

Avg epoch train. time: 0.0 hours, 0.0 minutes, 14.276242976387342 seconds
Avg batch train. time: 0.04974300688636705 seconds
Avg sample train. time: 0.001557861520775572 seconds
Evaluating on validation set ...
Validation runtime: 0.0 hours, 0.0 minutes, 2.0394198894500732 seconds

Avg val. time: 0.0 hours, 0.0 minutes, 2.0617865324020386 seconds
Avg batch val. time: 0.028635924061139423 seconds
Avg sample val. time: 0.000899557823910139 seconds
Epoch 48 Validation Summary: epoch: 48.000000 | loss: 0.526075 | 
Epoch 49 Training Summary: epoch: 49.000000 | loss: 0.620431 | 
Epoch runtime: 0.0 hours, 0.0 minutes, 14.53305697441101 seconds

Avg epoch train. time: 0.0 hours, 0.0 minutes, 14.281484078387825 seconds
Avg batch train. time: 0.049761268565811236 seconds
Avg sample train. time: 0.001558433443735031 seconds
Epoch 50 Training Summary: epoch: 50.000000 | loss: 0.619928 | 
Epoch runtime: 0.0 hours, 0.0 minutes, 14.250632047653198 seconds

Avg epoch train. time: 0.0 hours, 0.0 minutes, 14.280867037773133 seconds
Avg batch train. time: 0.04975911859851266 seconds
Avg sample train. time: 0.0015583661106256146 seconds
Evaluating on validation set ...
Validation runtime: 0.0 hours, 0.0 minutes, 2.0316641330718994 seconds

Avg val. time: 0.0 hours, 0.0 minutes, 2.0606708879824036 seconds
Avg batch val. time: 0.028620428999755605 seconds
Avg sample val. time: 0.0008990710680551499 seconds
Epoch 50 Validation Summary: epoch: 50.000000 | loss: 0.524021 | 
Epoch 51 Training Summary: epoch: 51.000000 | loss: 0.619812 | 
Epoch runtime: 0.0 hours, 0.0 minutes, 14.125548362731934 seconds

Avg epoch train. time: 0.0 hours, 0.0 minutes, 14.277821573556638 seconds
Avg batch train. time: 0.04974850722493602 seconds
Avg sample train. time: 0.0015580337814880662 seconds
Epoch 52 Training Summary: epoch: 52.000000 | loss: 0.619189 | 
Epoch runtime: 0.0 hours, 0.0 minutes, 14.376242876052856 seconds

Avg epoch train. time: 0.0 hours, 0.0 minutes, 14.279714290912334 seconds
Avg batch train. time: 0.049755102058928 seconds
Avg sample train. time: 0.0015582403198289322 seconds
Evaluating on validation set ...
Validation runtime: 0.0 hours, 0.0 minutes, 2.0338141918182373 seconds

Avg val. time: 0.0 hours, 0.0 minutes, 2.059711720262255 seconds
Avg batch val. time: 0.02860710722586465 seconds
Avg sample val. time: 0.000898652583011455 seconds
Epoch 52 Validation Summary: epoch: 52.000000 | loss: 0.523264 | 
Epoch 53 Training Summary: epoch: 53.000000 | loss: 0.618614 | 
Epoch runtime: 0.0 hours, 0.0 minutes, 14.24379587173462 seconds

Avg epoch train. time: 0.0 hours, 0.0 minutes, 14.279036584890113 seconds
Avg batch train. time: 0.04975274071390283 seconds
Avg sample train. time: 0.0015581663667492485 seconds
Epoch 54 Training Summary: epoch: 54.000000 | loss: 0.618896 | 
Epoch runtime: 0.0 hours, 0.0 minutes, 14.40833592414856 seconds

Avg epoch train. time: 0.0 hours, 0.0 minutes, 14.281431017098603 seconds
Avg batch train. time: 0.049761083683270396 seconds
Avg sample train. time: 0.0015584276535463338 seconds
Evaluating on validation set ...
Validation runtime: 0.0 hours, 0.0 minutes, 2.083678960800171 seconds

Avg val. time: 0.0 hours, 0.0 minutes, 2.060538176832528 seconds
Avg batch val. time: 0.028618585789340664 seconds
Avg sample val. time: 0.0008990131661572984 seconds
Epoch 54 Validation Summary: epoch: 54.000000 | loss: 0.526726 | 
Epoch 55 Training Summary: epoch: 55.000000 | loss: 0.618313 | 
Epoch runtime: 0.0 hours, 0.0 minutes, 14.176067113876343 seconds

Avg epoch train. time: 0.0 hours, 0.0 minutes, 14.279515309767289 seconds
Avg batch train. time: 0.04975440874483376 seconds
Avg sample train. time: 0.0015582186064783162 seconds
Epoch 56 Training Summary: epoch: 56.000000 | loss: 0.617878 | 
Epoch runtime: 0.0 hours, 0.0 minutes, 14.261376142501831 seconds

Avg epoch train. time: 0.0 hours, 0.0 minutes, 14.279191396066121 seconds
Avg batch train. time: 0.049753280125665926 seconds
Avg sample train. time: 0.0015581832601556222 seconds
Evaluating on validation set ...
Validation runtime: 0.0 hours, 0.0 minutes, 2.0529191493988037 seconds

Avg val. time: 0.0 hours, 0.0 minutes, 2.060284209251404 seconds
Avg batch val. time: 0.028615058461825056 seconds
Avg sample val. time: 0.0008989023600573315 seconds
Epoch 56 Validation Summary: epoch: 56.000000 | loss: 0.522200 | 
Epoch 57 Training Summary: epoch: 57.000000 | loss: 0.616376 | 
Epoch runtime: 0.0 hours, 0.0 minutes, 14.35525107383728 seconds

Avg epoch train. time: 0.0 hours, 0.0 minutes, 14.280525776377896 seconds
Avg batch train. time: 0.04975792953441776 seconds
Avg sample train. time: 0.0015583288712765055 seconds
Epoch 58 Training Summary: epoch: 58.000000 | loss: 0.616244 | 
Epoch runtime: 0.0 hours, 0.0 minutes, 14.206247091293335 seconds

Avg epoch train. time: 0.0 hours, 0.0 minutes, 14.27924510939368 seconds
Avg batch train. time: 0.04975346728011735 seconds
Avg sample train. time: 0.001558189121496473 seconds
Evaluating on validation set ...
Validation runtime: 0.0 hours, 0.0 minutes, 2.0575644969940186 seconds

Avg val. time: 0.0 hours, 0.0 minutes, 2.0601964765979397 seconds
Avg batch val. time: 0.028613839952749163 seconds
Avg sample val. time: 0.000898864082285314 seconds
Epoch 58 Validation Summary: epoch: 58.000000 | loss: 0.521440 | 
Epoch 59 Training Summary: epoch: 59.000000 | loss: 0.615394 | 
Epoch runtime: 0.0 hours, 0.0 minutes, 14.309458017349243 seconds

Avg epoch train. time: 0.0 hours, 0.0 minutes, 14.279757192579366 seconds
Avg batch train. time: 0.04975525154208838 seconds
Avg sample train. time: 0.0015582450013726938 seconds
Epoch 60 Training Summary: epoch: 60.000000 | loss: 0.615253 | 
Epoch runtime: 0.0 hours, 0.0 minutes, 14.344925165176392 seconds

Avg epoch train. time: 0.0 hours, 0.0 minutes, 14.280843325455983 seconds
Avg batch train. time: 0.049759035977198544 seconds
Avg sample train. time: 0.001558363523074638 seconds
Evaluating on validation set ...
Validation runtime: 0.0 hours, 0.0 minutes, 2.0366759300231934 seconds

Avg val. time: 0.0 hours, 0.0 minutes, 2.059461459517479 seconds
Avg batch val. time: 0.028603631382187206 seconds
Avg sample val. time: 0.0008985433942048337 seconds
Epoch 60 Validation Summary: epoch: 60.000000 | loss: 0.520047 | 
Epoch 61 Training Summary: epoch: 61.000000 | loss: 0.615072 | 
Epoch runtime: 0.0 hours, 0.0 minutes, 14.137525081634521 seconds

Avg epoch train. time: 0.0 hours, 0.0 minutes, 14.278493846049074 seconds
Avg batch train. time: 0.04975084963780165 seconds
Avg sample train. time: 0.0015581071416465597 seconds
Epoch 62 Training Summary: epoch: 62.000000 | loss: 0.614559 | 
Epoch runtime: 0.0 hours, 0.0 minutes, 14.261746644973755 seconds

Avg epoch train. time: 0.0 hours, 0.0 minutes, 14.278223729902699 seconds
Avg batch train. time: 0.049749908466559925 seconds
Avg sample train. time: 0.0015580776658558162 seconds
Evaluating on validation set ...
Validation runtime: 0.0 hours, 0.0 minutes, 2.0327885150909424 seconds

Avg val. time: 0.0 hours, 0.0 minutes, 2.0586531884742505 seconds
Avg batch val. time: 0.028592405395475702 seconds
Avg sample val. time: 0.0008981907454076137 seconds
Epoch 62 Validation Summary: epoch: 62.000000 | loss: 0.524638 | 
Epoch 63 Training Summary: epoch: 63.000000 | loss: 0.613510 | 
Epoch runtime: 0.0 hours, 0.0 minutes, 14.205330848693848 seconds

Avg epoch train. time: 0.0 hours, 0.0 minutes, 14.27706670004224 seconds
Avg batch train. time: 0.0497458770036315 seconds
Avg sample train. time: 0.0015579514076868443 seconds
Epoch 64 Training Summary: epoch: 64.000000 | loss: 0.612862 | 
Epoch runtime: 0.0 hours, 0.0 minutes, 14.383807897567749 seconds

Avg epoch train. time: 0.0 hours, 0.0 minutes, 14.278734531253576 seconds
Avg batch train. time: 0.049751688262207584 seconds
Avg sample train. time: 0.0015581334058548206 seconds
Evaluating on validation set ...
Validation runtime: 0.0 hours, 0.0 minutes, 2.0654296875 seconds

Avg val. time: 0.0 hours, 0.0 minutes, 2.0588524972691253 seconds
Avg batch val. time: 0.028595173573182295 seconds
Avg sample val. time: 0.0008982777038696009 seconds
Epoch 64 Validation Summary: epoch: 64.000000 | loss: 0.518884 | 
Epoch 65 Training Summary: epoch: 65.000000 | loss: 0.613411 | 
Epoch runtime: 0.0 hours, 0.0 minutes, 14.197215557098389 seconds

Avg epoch train. time: 0.0 hours, 0.0 minutes, 14.27748039318965 seconds
Avg batch train. time: 0.049747318443169514 seconds
Avg sample train. time: 0.0015579965509809745 seconds
Epoch 66 Training Summary: epoch: 66.000000 | loss: 0.607815 | 
Epoch runtime: 0.0 hours, 0.0 minutes, 14.350287675857544 seconds

Avg epoch train. time: 0.0 hours, 0.0 minutes, 14.278583533836134 seconds
Avg batch train. time: 0.04975116213880186 seconds
Avg sample train. time: 0.001558116928615903 seconds
Evaluating on validation set ...
Validation runtime: 0.0 hours, 0.0 minutes, 2.050236225128174 seconds

Avg val. time: 0.0 hours, 0.0 minutes, 2.0586063180650984 seconds
Avg batch val. time: 0.028591754417570812 seconds
Avg sample val. time: 0.0008981702958399208 seconds
Epoch 66 Validation Summary: epoch: 66.000000 | loss: 0.505616 | 
Epoch 67 Training Summary: epoch: 67.000000 | loss: 0.591809 | 
Epoch runtime: 0.0 hours, 0.0 minutes, 14.40522575378418 seconds

Avg epoch train. time: 0.0 hours, 0.0 minutes, 14.280473716223417 seconds
Avg batch train. time: 0.04975774814015128 seconds
Avg sample train. time: 0.0015583231903342882 seconds
Epoch 68 Training Summary: epoch: 68.000000 | loss: 0.581131 | 
Epoch runtime: 0.0 hours, 0.0 minutes, 14.295528173446655 seconds

Avg epoch train. time: 0.0 hours, 0.0 minutes, 14.28069510530023 seconds
Avg batch train. time: 0.04975851953066283 seconds
Avg sample train. time: 0.0015583473488978864 seconds
Evaluating on validation set ...
Validation runtime: 0.0 hours, 0.0 minutes, 2.0596375465393066 seconds

Avg val. time: 0.0 hours, 0.0 minutes, 2.0586349633004932 seconds
Avg batch val. time: 0.028592152268062405 seconds
Avg sample val. time: 0.0008981827937611227 seconds
Epoch 68 Validation Summary: epoch: 68.000000 | loss: 0.480103 | 
Epoch 69 Training Summary: epoch: 69.000000 | loss: 0.569721 | 
Epoch runtime: 0.0 hours, 0.0 minutes, 14.46684193611145 seconds

Avg epoch train. time: 0.0 hours, 0.0 minutes, 14.283392885456914 seconds
Avg batch train. time: 0.04976791946152235 seconds
Avg sample train. time: 0.0015586417378281225 seconds
Epoch 70 Training Summary: epoch: 70.000000 | loss: 0.544330 | 
Epoch runtime: 0.0 hours, 0.0 minutes, 14.452736616134644 seconds

Avg epoch train. time: 0.0 hours, 0.0 minutes, 14.285812081609453 seconds
Avg batch train. time: 0.04977634871640924 seconds
Avg sample train. time: 0.0015589057269325024 seconds
Evaluating on validation set ...
Validation runtime: 0.0 hours, 0.0 minutes, 2.078773260116577 seconds

Avg val. time: 0.0 hours, 0.0 minutes, 2.05917924159282 seconds
Avg batch val. time: 0.028599711688789164 seconds
Avg sample val. time: 0.0008984202624750523 seconds
Epoch 70 Validation Summary: epoch: 70.000000 | loss: 0.430658 | 
Epoch 71 Training Summary: epoch: 71.000000 | loss: 0.522008 | 
Epoch runtime: 0.0 hours, 0.0 minutes, 14.155680179595947 seconds

Avg epoch train. time: 0.0 hours, 0.0 minutes, 14.283979237919123 seconds
Avg batch train. time: 0.04976996250146036 seconds
Avg sample train. time: 0.0015587057221648978 seconds
Epoch 72 Training Summary: epoch: 72.000000 | loss: 0.507782 | 
Epoch runtime: 0.0 hours, 0.0 minutes, 14.067905902862549 seconds

Avg epoch train. time: 0.0 hours, 0.0 minutes, 14.28097821937667 seconds
Avg batch train. time: 0.04975950599085948 seconds
Avg sample train. time: 0.0015583782430572534 seconds
Evaluating on validation set ...
Validation runtime: 0.0 hours, 0.0 minutes, 2.035522699356079 seconds

Avg val. time: 0.0 hours, 0.0 minutes, 2.0585567010076424 seconds
Avg batch val. time: 0.028591065291772813 seconds
Avg sample val. time: 0.0008981486479090935 seconds
Epoch 72 Validation Summary: epoch: 72.000000 | loss: 0.410579 | 
Epoch 73 Training Summary: epoch: 73.000000 | loss: 0.499449 | 
Epoch runtime: 0.0 hours, 0.0 minutes, 14.042339086532593 seconds

Avg epoch train. time: 0.0 hours, 0.0 minutes, 14.277709190159628 seconds
Avg batch train. time: 0.0497481156451555 seconds
Avg sample train. time: 0.0015580215179135343 seconds
Epoch 74 Training Summary: epoch: 74.000000 | loss: 0.493892 | 
Epoch runtime: 0.0 hours, 0.0 minutes, 14.15927004814148 seconds

Avg epoch train. time: 0.0 hours, 0.0 minutes, 14.276108661213437 seconds
Avg batch train. time: 0.04974253888924542 seconds
Avg sample train. time: 0.0015578468639473415 seconds
Evaluating on validation set ...
Validation runtime: 0.0 hours, 0.0 minutes, 2.0672378540039062 seconds

Avg val. time: 0.0 hours, 0.0 minutes, 2.058779294674213 seconds
Avg batch val. time: 0.02859415687047518 seconds
Avg sample val. time: 0.0008982457655646654 seconds
Epoch 74 Validation Summary: epoch: 74.000000 | loss: 0.402632 | 
Epoch 75 Training Summary: epoch: 75.000000 | loss: 0.487867 | 
Epoch runtime: 0.0 hours, 0.0 minutes, 14.047809362411499 seconds

Avg epoch train. time: 0.0 hours, 0.0 minutes, 14.273064670562745 seconds
Avg batch train. time: 0.04973193265004441 seconds
Avg sample train. time: 0.001557514695609204 seconds
Epoch 76 Training Summary: epoch: 76.000000 | loss: 0.483218 | 
Epoch runtime: 0.0 hours, 0.0 minutes, 14.155064105987549 seconds

Avg epoch train. time: 0.0 hours, 0.0 minutes, 14.271512031555176 seconds
Avg batch train. time: 0.04972652275803197 seconds
Avg sample train. time: 0.0015573452675202069 seconds
Evaluating on validation set ...
Validation runtime: 0.0 hours, 0.0 minutes, 2.052516460418701 seconds

Avg val. time: 0.0 hours, 0.0 minutes, 2.0586227238178254 seconds
Avg batch val. time: 0.028591982275247577 seconds
Avg sample val. time: 0.0008981774536726987 seconds
Epoch 76 Validation Summary: epoch: 76.000000 | loss: 0.396021 | 
Epoch 77 Training Summary: epoch: 77.000000 | loss: 0.480657 | 
Epoch runtime: 0.0 hours, 0.0 minutes, 14.055885791778564 seconds

Avg epoch train. time: 0.0 hours, 0.0 minutes, 14.268711690778856 seconds
Avg batch train. time: 0.04971676547309706 seconds
Avg sample train. time: 0.0015570396869029743 seconds
Epoch 78 Training Summary: epoch: 78.000000 | loss: 0.476970 | 
Epoch runtime: 0.0 hours, 0.0 minutes, 14.080307722091675 seconds

Avg epoch train. time: 0.0 hours, 0.0 minutes, 14.266296255282867 seconds
Avg batch train. time: 0.04970834932154309 seconds
Avg sample train. time: 0.0015567761081714173 seconds
Evaluating on validation set ...
Validation runtime: 0.0 hours, 0.0 minutes, 2.0467374324798584 seconds

Avg val. time: 0.0 hours, 0.0 minutes, 2.0583328386632407 seconds
Avg batch val. time: 0.02858795609254501 seconds
Avg sample val. time: 0.0008980509767291626 seconds
Epoch 78 Validation Summary: epoch: 78.000000 | loss: 0.392644 | 
Epoch 79 Training Summary: epoch: 79.000000 | loss: 0.474140 | 
Epoch runtime: 0.0 hours, 0.0 minutes, 14.011616468429565 seconds

Avg epoch train. time: 0.0 hours, 0.0 minutes, 14.263072460512571 seconds
Avg batch train. time: 0.04969711658715182 seconds
Avg sample train. time: 0.0015564243191305731 seconds
Epoch 80 Training Summary: epoch: 80.000000 | loss: 0.471170 | 
Epoch runtime: 0.0 hours, 0.0 minutes, 14.164873123168945 seconds

Avg epoch train. time: 0.0 hours, 0.0 minutes, 14.261844968795776 seconds
Avg batch train. time: 0.049692839612528836 seconds
Avg sample train. time: 0.0015562903719768416 seconds
Evaluating on validation set ...
Validation runtime: 0.0 hours, 0.0 minutes, 2.042553186416626 seconds

Avg val. time: 0.0 hours, 0.0 minutes, 2.057957132657369 seconds
Avg batch val. time: 0.02858273795357457 seconds
Avg sample val. time: 0.0008978870561332326 seconds
Epoch 80 Validation Summary: epoch: 80.000000 | loss: 0.388431 | 
Epoch 81 Training Summary: epoch: 81.000000 | loss: 0.468548 | 
Epoch runtime: 0.0 hours, 0.0 minutes, 14.217661380767822 seconds

Avg epoch train. time: 0.0 hours, 0.0 minutes, 14.261299492400369 seconds
Avg batch train. time: 0.049690938997910696 seconds
Avg sample train. time: 0.0015562308481449551 seconds
Epoch 82 Training Summary: epoch: 82.000000 | loss: 0.467411 | 
Epoch runtime: 0.0 hours, 0.0 minutes, 14.221799850463867 seconds

Avg epoch train. time: 0.0 hours, 0.0 minutes, 14.260817789449924 seconds
Avg batch train. time: 0.04968926059041785 seconds
Avg sample train. time: 0.001556178283440629 seconds
Evaluating on validation set ...
Validation runtime: 0.0 hours, 0.0 minutes, 2.0512239933013916 seconds

Avg val. time: 0.0 hours, 0.0 minutes, 2.0578005480211834 seconds
Avg batch val. time: 0.02858056316696088 seconds
Avg sample val. time: 0.0008978187382291376 seconds
Epoch 82 Validation Summary: epoch: 82.000000 | loss: 0.391599 | 
Epoch 83 Training Summary: epoch: 83.000000 | loss: 0.465212 | 
Epoch runtime: 0.0 hours, 0.0 minutes, 14.123562574386597 seconds

Avg epoch train. time: 0.0 hours, 0.0 minutes, 14.259164112160004 seconds
Avg batch train. time: 0.049683498648641126 seconds
Avg sample train. time: 0.00155599782978612 seconds
Epoch 84 Training Summary: epoch: 84.000000 | loss: 0.462643 | 
Epoch runtime: 0.0 hours, 0.0 minutes, 14.245137214660645 seconds

Avg epoch train. time: 0.0 hours, 0.0 minutes, 14.258997125285012 seconds
Avg batch train. time: 0.04968291681283976 seconds
Avg sample train. time: 0.0015559796077351607 seconds
Evaluating on validation set ...
Validation runtime: 0.0 hours, 0.0 minutes, 2.053048849105835 seconds

Avg val. time: 0.0 hours, 0.0 minutes, 2.0576925548640164 seconds
Avg batch val. time: 0.02857906326200023 seconds
Avg sample val. time: 0.0008977716207958186 seconds
Epoch 84 Validation Summary: epoch: 84.000000 | loss: 0.385948 | 
Epoch 85 Training Summary: epoch: 85.000000 | loss: 0.461391 | 
Epoch runtime: 0.0 hours, 0.0 minutes, 13.999329328536987 seconds

Avg epoch train. time: 0.0 hours, 0.0 minutes, 14.255942210029152 seconds
Avg batch train. time: 0.04967227250881238 seconds
Avg sample train. time: 0.0015556462472751148 seconds
Epoch 86 Training Summary: epoch: 86.000000 | loss: 0.459848 | 
Epoch runtime: 0.0 hours, 0.0 minutes, 14.27200984954834 seconds

Avg epoch train. time: 0.0 hours, 0.0 minutes, 14.256129043046819 seconds
Avg batch train. time: 0.049672923494936655 seconds
Avg sample train. time: 0.0015556666349898318 seconds
Evaluating on validation set ...
Validation runtime: 0.0 hours, 0.0 minutes, 2.0436220169067383 seconds

Avg val. time: 0.0 hours, 0.0 minutes, 2.0573798762427438 seconds
Avg batch val. time: 0.02857472050337144 seconds
Avg sample val. time: 0.0008976351990587887 seconds
Epoch 86 Validation Summary: epoch: 86.000000 | loss: 0.387696 | 
Epoch 87 Training Summary: epoch: 87.000000 | loss: 0.457686 | 
Epoch runtime: 0.0 hours, 0.0 minutes, 14.110065698623657 seconds

Avg epoch train. time: 0.0 hours, 0.0 minutes, 14.25445015403046 seconds
Avg batch train. time: 0.0496670737074232 seconds
Avg sample train. time: 0.0015554834301648253 seconds
Epoch 88 Training Summary: epoch: 88.000000 | loss: 0.455921 | 
Epoch runtime: 0.0 hours, 0.0 minutes, 14.602587223052979 seconds

Avg epoch train. time: 0.0 hours, 0.0 minutes, 14.258406257087534 seconds
Avg batch train. time: 0.04968085803863252 seconds
Avg sample train. time: 0.0015559151306293686 seconds
Evaluating on validation set ...
Validation runtime: 0.0 hours, 0.0 minutes, 2.041003942489624 seconds

Avg val. time: 0.0 hours, 0.0 minutes, 2.057023877682893 seconds
Avg batch val. time: 0.02856977607892907 seconds
Avg sample val. time: 0.000897479876824997 seconds
Epoch 88 Validation Summary: epoch: 88.000000 | loss: 0.382764 | 
Epoch 89 Training Summary: epoch: 89.000000 | loss: 0.454423 | 
Epoch runtime: 0.0 hours, 0.0 minutes, 14.053652048110962 seconds

Avg epoch train. time: 0.0 hours, 0.0 minutes, 14.25610564799791 seconds
Avg batch train. time: 0.04967284197908679 seconds
Avg sample train. time: 0.0015556640820600077 seconds
Epoch 90 Training Summary: epoch: 90.000000 | loss: 0.453528 | 
Epoch runtime: 0.0 hours, 0.0 minutes, 14.052456855773926 seconds

Avg epoch train. time: 0.0 hours, 0.0 minutes, 14.253842883639866 seconds
Avg batch train. time: 0.0496649577827173 seconds
Avg sample train. time: 0.0015554171632081914 seconds
Evaluating on validation set ...
Validation runtime: 0.0 hours, 0.0 minutes, 2.0416531562805176 seconds

Avg val. time: 0.0 hours, 0.0 minutes, 2.0566968410573105 seconds
Avg batch val. time: 0.028565233903573756 seconds
Avg sample val. time: 0.0008973371906881809 seconds
Epoch 90 Validation Summary: epoch: 90.000000 | loss: 0.380127 | 
Epoch 91 Training Summary: epoch: 91.000000 | loss: 0.451090 | 
Epoch runtime: 0.0 hours, 0.0 minutes, 14.067363500595093 seconds

Avg epoch train. time: 0.0 hours, 0.0 minutes, 14.251793659650362 seconds
Avg batch train. time: 0.04965781762944377 seconds
Avg sample train. time: 0.0015551935464480971 seconds
Epoch 92 Training Summary: epoch: 92.000000 | loss: 0.450222 | 
Epoch runtime: 0.0 hours, 0.0 minutes, 14.192343950271606 seconds

Avg epoch train. time: 0.0 hours, 0.0 minutes, 14.251147467157114 seconds
Avg batch train. time: 0.04965556608765545 seconds
Avg sample train. time: 0.0015551230322083276 seconds
Evaluating on validation set ...
Validation runtime: 0.0 hours, 0.0 minutes, 2.0653085708618164 seconds

Avg val. time: 0.0 hours, 0.0 minutes, 2.0568762520949044 seconds
Avg batch val. time: 0.02856772572354034 seconds
Avg sample val. time: 0.0008974154677551939 seconds
Epoch 92 Validation Summary: epoch: 92.000000 | loss: 0.381051 | 
Epoch 93 Training Summary: epoch: 93.000000 | loss: 0.447045 | 
Epoch runtime: 0.0 hours, 0.0 minutes, 14.059784412384033 seconds

Avg epoch train. time: 0.0 hours, 0.0 minutes, 14.24908979990149 seconds
Avg batch train. time: 0.0496483965153362 seconds
Avg sample train. time: 0.001554898494096627 seconds
Epoch 94 Training Summary: epoch: 94.000000 | loss: 0.442058 | 
Epoch runtime: 0.0 hours, 0.0 minutes, 14.28053617477417 seconds

Avg epoch train. time: 0.0 hours, 0.0 minutes, 14.249424335804392 seconds
Avg batch train. time: 0.0496495621456599 seconds
Avg sample train. time: 0.001554934999542164 seconds
Evaluating on validation set ...
Validation runtime: 0.0 hours, 0.0 minutes, 2.062631130218506 seconds

Avg val. time: 0.0 hours, 0.0 minutes, 2.056993698587223 seconds
Avg batch val. time: 0.028569356924822542 seconds
Avg sample val. time: 0.0008974667096802892 seconds
Epoch 94 Validation Summary: epoch: 94.000000 | loss: 0.372457 | 
Epoch 95 Training Summary: epoch: 95.000000 | loss: 0.439234 | 
Epoch runtime: 0.0 hours, 0.0 minutes, 14.056833028793335 seconds

Avg epoch train. time: 0.0 hours, 0.0 minutes, 14.247397058888486 seconds
Avg batch train. time: 0.04964249846302608 seconds
Avg sample train. time: 0.0015547137777049854 seconds
Epoch 96 Training Summary: epoch: 96.000000 | loss: 0.437566 | 
Epoch runtime: 0.0 hours, 0.0 minutes, 14.11860728263855 seconds

Avg epoch train. time: 0.0 hours, 0.0 minutes, 14.246055498719215 seconds
Avg batch train. time: 0.04963782403734918 seconds
Avg sample train. time: 0.0015545673830989978 seconds
Evaluating on validation set ...
Validation runtime: 0.0 hours, 0.0 minutes, 2.0398576259613037 seconds

Avg val. time: 0.0 hours, 0.0 minutes, 2.0566509771347046 seconds
Avg batch val. time: 0.028564596904648673 seconds
Avg sample val. time: 0.0008973171802507437 seconds
Epoch 96 Validation Summary: epoch: 96.000000 | loss: 0.371057 | 
Epoch 97 Training Summary: epoch: 97.000000 | loss: 0.436744 | 
Epoch runtime: 0.0 hours, 0.0 minutes, 14.251205682754517 seconds

Avg epoch train. time: 0.0 hours, 0.0 minutes, 14.246108593399992 seconds
Avg batch train. time: 0.049638009036236906 seconds
Avg sample train. time: 0.00155457317693147 seconds
Epoch 98 Training Summary: epoch: 98.000000 | loss: 0.435407 | 
Epoch runtime: 0.0 hours, 0.0 minutes, 14.160166025161743 seconds

Avg epoch train. time: 0.0 hours, 0.0 minutes, 14.245231628417969 seconds
Avg batch train. time: 0.04963495340912184 seconds
Avg sample train. time: 0.0015544774801852868 seconds
Evaluating on validation set ...
Validation runtime: 0.0 hours, 0.0 minutes, 2.045487642288208 seconds

Avg val. time: 0.0 hours, 0.0 minutes, 2.056432088216146 seconds
Avg batch val. time: 0.028561556780779804 seconds
Avg sample val. time: 0.0008972216789773761 seconds
Epoch 98 Validation Summary: epoch: 98.000000 | loss: 0.369558 | 
Epoch 99 Training Summary: epoch: 99.000000 | loss: 0.433473 | 
Epoch runtime: 0.0 hours, 0.0 minutes, 14.154157638549805 seconds

Avg epoch train. time: 0.0 hours, 0.0 minutes, 14.244311689126372 seconds
Avg batch train. time: 0.04963174804573649 seconds
Avg sample train. time: 0.001554377093968395 seconds
Epoch 100 Training Summary: epoch: 100.000000 | loss: 0.432945 | 
Epoch runtime: 0.0 hours, 0.0 minutes, 14.144586086273193 seconds

Avg epoch train. time: 0.0 hours, 0.0 minutes, 14.24331443309784 seconds
Avg batch train. time: 0.049628273286055194 seconds
Avg sample train. time: 0.0015542682707439808 seconds
Evaluating on validation set ...
Validation runtime: 0.0 hours, 0.0 minutes, 2.0553314685821533 seconds

Avg val. time: 0.0 hours, 0.0 minutes, 2.0564109224539537 seconds
Avg batch val. time: 0.028561262811860468 seconds
Avg sample val. time: 0.0008972124443516377 seconds
Epoch 100 Validation Summary: epoch: 100.000000 | loss: 0.370385 | 
Best loss was 0.36955836375714535. Other metrics: OrderedDict([('epoch', 98), ('loss', 0.36955836375714535)])
All Done!
Total runtime: 0.0 hours, 26.0 minutes, 56.319751262664795 seconds

